{"numTotalTestSuites":153,"numPassedTestSuites":134,"numFailedTestSuites":19,"numPendingTestSuites":0,"numTotalTests":293,"numPassedTests":258,"numFailedTests":19,"numPendingTests":16,"numTodoTests":0,"snapshot":{"added":0,"failure":false,"filesAdded":0,"filesRemoved":0,"filesRemovedList":[],"filesUnmatched":0,"filesUpdated":0,"matched":0,"total":0,"unchecked":0,"uncheckedKeysByFile":[],"unmatched":0,"updated":0,"didUpdate":false},"startTime":1749984570318,"success":false,"testResults":[{"assertionResults":[{"ancestorTitles":["Agent System Integration","BaseAgent functionality"],"fullName":"Agent System Integration BaseAgent functionality should create agent with proper configuration","status":"passed","title":"should create agent with proper configuration","duration":0.662040999999931,"failureMessages":[],"meta":{}},{"ancestorTitles":["Agent System Integration","BaseAgent functionality"],"fullName":"Agent System Integration BaseAgent functionality should validate agent initialization parameters","status":"passed","title":"should validate agent initialization parameters","duration":0.5194999999999936,"failureMessages":[],"meta":{}},{"ancestorTitles":["Agent System Integration","Agent communication patterns"],"fullName":"Agent System Integration Agent communication patterns should format AI requests properly","status":"passed","title":"should format AI requests properly","duration":0.5015829999999823,"failureMessages":[],"meta":{}},{"ancestorTitles":["Agent System Integration","Agent communication patterns"],"fullName":"Agent System Integration Agent communication patterns should parse AI responses correctly","status":"passed","title":"should parse AI responses correctly","duration":0.12908300000003692,"failureMessages":[],"meta":{}},{"ancestorTitles":["Agent System Integration","Multi-agent orchestration"],"fullName":"Agent System Integration Multi-agent orchestration should handle agent workflow sequencing","status":"passed","title":"should handle agent workflow sequencing","duration":0.48574999999993906,"failureMessages":[],"meta":{}},{"ancestorTitles":["Agent System Integration","Multi-agent orchestration"],"fullName":"Agent System Integration Multi-agent orchestration should handle agent failures gracefully","status":"passed","title":"should handle agent failures gracefully","duration":0.17362500000001546,"failureMessages":[],"meta":{}},{"ancestorTitles":["Agent System Integration","Data validation in agent pipeline"],"fullName":"Agent System Integration Data validation in agent pipeline should validate calendar data structure","status":"passed","title":"should validate calendar data structure","duration":0.18033300000001873,"failureMessages":[],"meta":{}},{"ancestorTitles":["Agent System Integration","Data validation in agent pipeline"],"fullName":"Agent System Integration Data validation in agent pipeline should validate pattern analysis results","status":"passed","title":"should validate pattern analysis results","duration":0.16333399999996345,"failureMessages":[],"meta":{}}],"startTime":1749984575313,"endTime":1749984575316.1633,"status":"passed","message":"","name":"/Users/neo/Developer/mexc-sniper-bot/tests/integration/agent-system.test.ts"},{"assertionResults":[{"ancestorTitles":["Cache-Agent Integration","Agent Response Caching"],"fullName":"Cache-Agent Integration Agent Response Caching should cache agent responses automatically","status":"passed","title":"should cache agent responses automatically","duration":3.301584000000048,"failureMessages":[],"meta":{}},{"ancestorTitles":["Cache-Agent Integration","Agent Response Caching"],"fullName":"Cache-Agent Integration Agent Response Caching should handle different cache priorities for different agents","status":"passed","title":"should handle different cache priorities for different agents","duration":0.9159590000001572,"failureMessages":[],"meta":{}},{"ancestorTitles":["Cache-Agent Integration","Agent Response Caching"],"fullName":"Cache-Agent Integration Agent Response Caching should invalidate cache when dependencies change","status":"failed","title":"should invalidate cache when dependencies change","duration":11.135375000000067,"failureMessages":["AssertionError: expected true to be false // Object.is equality\n    at /Users/neo/Developer/mexc-sniper-bot/tests/integration/cache-agent-integration.test.ts:142:44\n    at processTicksAndRejections (node:internal/process/task_queues:105:5)\n    at file:///Users/neo/Developer/mexc-sniper-bot/node_modules/@vitest/runner/dist/chunk-hooks.js:752:20"],"meta":{}},{"ancestorTitles":["Cache-Agent Integration","Agent Response Caching"],"fullName":"Cache-Agent Integration Agent Response Caching should track execution time improvements from caching","status":"failed","title":"should track execution time improvements from caching","duration":1.8300829999998314,"failureMessages":["AssertionError: expected 0.13520800000014788 to be less than 0.08658400000012989\n    at /Users/neo/Developer/mexc-sniper-bot/tests/integration/cache-agent-integration.test.ts:162:21\n    at processTicksAndRejections (node:internal/process/task_queues:105:5)\n    at file:///Users/neo/Developer/mexc-sniper-bot/node_modules/@vitest/runner/dist/chunk-hooks.js:752:20"],"meta":{}},{"ancestorTitles":["Cache-Agent Integration","Cache Analytics for Agents"],"fullName":"Cache-Agent Integration Cache Analytics for Agents should track agent cache performance","status":"passed","title":"should track agent cache performance","duration":1.9571249999999054,"failureMessages":[],"meta":{}},{"ancestorTitles":["Cache-Agent Integration","Cache Analytics for Agents"],"fullName":"Cache-Agent Integration Cache Analytics for Agents should provide agent-specific recommendations","status":"failed","title":"should provide agent-specific recommendations","duration":5.535417000000052,"failureMessages":["AssertionError: expected [ …(2) ] to include StringMatching{…}\n    at Proxy.<anonymous> (file:///Users/neo/Developer/mexc-sniper-bot/node_modules/@vitest/expect/dist/index.js:1182:15)\n    at Proxy.<anonymous> (file:///Users/neo/Developer/mexc-sniper-bot/node_modules/@vitest/expect/dist/index.js:1022:14)\n    at Proxy.methodWrapper (file:///Users/neo/Developer/mexc-sniper-bot/node_modules/chai/chai.js:1618:25)\n    at /Users/neo/Developer/mexc-sniper-bot/tests/integration/cache-agent-integration.test.ts:193:41\n    at processTicksAndRejections (node:internal/process/task_queues:105:5)\n    at file:///Users/neo/Developer/mexc-sniper-bot/node_modules/@vitest/runner/dist/chunk-hooks.js:752:20"],"meta":{}},{"ancestorTitles":["Cache-Agent Integration","Cache Analytics for Agents"],"fullName":"Cache-Agent Integration Cache Analytics for Agents should monitor cache health for agents","status":"passed","title":"should monitor cache health for agents","duration":2.976374999999962,"failureMessages":[],"meta":{}},{"ancestorTitles":["Cache-Agent Integration","Workflow Result Caching"],"fullName":"Cache-Agent Integration Workflow Result Caching should cache workflow results","status":"passed","title":"should cache workflow results","duration":2.5164169999998194,"failureMessages":[],"meta":{}},{"ancestorTitles":["Cache-Agent Integration","Workflow Result Caching"],"fullName":"Cache-Agent Integration Workflow Result Caching should invalidate workflow cache when dependencies change","status":"passed","title":"should invalidate workflow cache when dependencies change","duration":9.847709000000123,"failureMessages":[],"meta":{}},{"ancestorTitles":["Cache-Agent Integration","Cache Performance Monitoring"],"fullName":"Cache-Agent Integration Cache Performance Monitoring should monitor cache performance in real-time","status":"passed","title":"should monitor cache performance in real-time","duration":1.0077499999999873,"failureMessages":[],"meta":{}},{"ancestorTitles":["Cache-Agent Integration","Cache Performance Monitoring"],"fullName":"Cache-Agent Integration Cache Performance Monitoring should generate cache optimization recommendations","status":"failed","title":"should generate cache optimization recommendations","duration":1.3827919999998812,"failureMessages":["AssertionError: expected 0 to be greater than 0\n    at /Users/neo/Developer/mexc-sniper-bot/tests/integration/cache-agent-integration.test.ts:328:38\n    at processTicksAndRejections (node:internal/process/task_queues:105:5)\n    at file:///Users/neo/Developer/mexc-sniper-bot/node_modules/@vitest/runner/dist/chunk-hooks.js:752:20"],"meta":{}},{"ancestorTitles":["Cache-Agent Integration","Cache Performance Monitoring"],"fullName":"Cache-Agent Integration Cache Performance Monitoring should optimize cache automatically when needed","status":"passed","title":"should optimize cache automatically when needed","duration":1.0419580000000224,"failureMessages":[],"meta":{}},{"ancestorTitles":["Cache-Agent Integration","Cache Integration with Agent Error Handling"],"fullName":"Cache-Agent Integration Cache Integration with Agent Error Handling should handle agent errors without breaking cache","status":"passed","title":"should handle agent errors without breaking cache","duration":1.3031670000000304,"failureMessages":[],"meta":{}},{"ancestorTitles":["Cache-Agent Integration","Cache Integration with Agent Error Handling"],"fullName":"Cache-Agent Integration Cache Integration with Agent Error Handling should not cache error responses","status":"passed","title":"should not cache error responses","duration":0.5987079999999878,"failureMessages":[],"meta":{}},{"ancestorTitles":["Cache-Agent Integration","Memory Management"],"fullName":"Cache-Agent Integration Memory Management should manage memory usage effectively","status":"failed","title":"should manage memory usage effectively","duration":4.790833999999904,"failureMessages":["AssertionError: expected 4194304 to be greater than 4194304\n    at /Users/neo/Developer/mexc-sniper-bot/tests/integration/cache-agent-integration.test.ts:419:27\n    at processTicksAndRejections (node:internal/process/task_queues:105:5)\n    at file:///Users/neo/Developer/mexc-sniper-bot/node_modules/@vitest/runner/dist/chunk-hooks.js:752:20"],"meta":{}},{"ancestorTitles":["Cache-Agent Integration","Memory Management"],"fullName":"Cache-Agent Integration Memory Management should cleanup expired cache entries","status":"passed","title":"should cleanup expired cache entries","duration":151.81383300000016,"failureMessages":[],"meta":{}},{"ancestorTitles":["Cache-Agent Integration","Performance Benchmarks"],"fullName":"Cache-Agent Integration Performance Benchmarks should demonstrate significant performance improvement with caching","status":"failed","title":"should demonstrate significant performance improvement with caching","duration":1.118791999999985,"failureMessages":["AssertionError: expected 0.0229750000000422 to be less than 0.018287499999996727\n    at /Users/neo/Developer/mexc-sniper-bot/tests/integration/cache-agent-integration.test.ts:474:25\n    at file:///Users/neo/Developer/mexc-sniper-bot/node_modules/@vitest/runner/dist/chunk-hooks.js:752:20"],"meta":{}},{"ancestorTitles":["Cache-Agent Integration","Performance Benchmarks"],"fullName":"Cache-Agent Integration Performance Benchmarks should maintain good hit rates under concurrent load","status":"passed","title":"should maintain good hit rates under concurrent load","duration":3.3521660000001248,"failureMessages":[],"meta":{}}],"startTime":1749984572505,"endTime":1749984572711.352,"status":"failed","message":"","name":"/Users/neo/Developer/mexc-sniper-bot/tests/integration/cache-agent-integration.test.ts"},{"assertionResults":[{"ancestorTitles":["Transaction Lock Integration Tests (Standalone)","Trade API with Lock Protection"],"fullName":"Transaction Lock Integration Tests (Standalone) Trade API with Lock Protection should prevent duplicate trades with same parameters","status":"skipped","title":"should prevent duplicate trades with same parameters","failureMessages":[],"meta":{}},{"ancestorTitles":["Transaction Lock Integration Tests (Standalone)","Trade API with Lock Protection"],"fullName":"Transaction Lock Integration Tests (Standalone) Trade API with Lock Protection should allow different trades to execute concurrently","status":"skipped","title":"should allow different trades to execute concurrently","failureMessages":[],"meta":{}},{"ancestorTitles":["Transaction Lock Integration Tests (Standalone)","Lock Monitoring"],"fullName":"Transaction Lock Integration Tests (Standalone) Lock Monitoring should return lock status information","status":"skipped","title":"should return lock status information","failureMessages":[],"meta":{}},{"ancestorTitles":["Transaction Lock Integration Tests (Standalone)","Lock Monitoring"],"fullName":"Transaction Lock Integration Tests (Standalone) Lock Monitoring should check specific resource lock status","status":"skipped","title":"should check specific resource lock status","failureMessages":[],"meta":{}},{"ancestorTitles":["Transaction Lock Integration Tests (Standalone)","Emergency Lock Release"],"fullName":"Transaction Lock Integration Tests (Standalone) Emergency Lock Release should allow force release of locks by owner","status":"skipped","title":"should allow force release of locks by owner","failureMessages":[],"meta":{}},{"ancestorTitles":["Transaction Lock Integration Tests (Standalone)","Queue Priority Testing"],"fullName":"Transaction Lock Integration Tests (Standalone) Queue Priority Testing should add items to queue when resource is locked","status":"skipped","title":"should add items to queue when resource is locked","failureMessages":[],"meta":{}},{"ancestorTitles":["Transaction Lock Integration Tests (Standalone)","Performance Under Load"],"fullName":"Transaction Lock Integration Tests (Standalone) Performance Under Load should handle multiple concurrent requests gracefully","status":"skipped","title":"should handle multiple concurrent requests gracefully","failureMessages":[],"meta":{}}],"startTime":1749984570318,"endTime":1749984570318,"status":"failed","message":"","name":"/Users/neo/Developer/mexc-sniper-bot/tests/integration/transaction-lock-integration-standalone.test.ts"},{"assertionResults":[{"ancestorTitles":["Transaction Lock Integration Tests","Trade API with Lock Protection"],"fullName":"Transaction Lock Integration Tests Trade API with Lock Protection should prevent duplicate trades with same parameters","status":"skipped","title":"should prevent duplicate trades with same parameters","failureMessages":[],"meta":{}},{"ancestorTitles":["Transaction Lock Integration Tests","Trade API with Lock Protection"],"fullName":"Transaction Lock Integration Tests Trade API with Lock Protection should allow different trades to execute concurrently","status":"skipped","title":"should allow different trades to execute concurrently","failureMessages":[],"meta":{}},{"ancestorTitles":["Transaction Lock Integration Tests","Lock Monitoring API"],"fullName":"Transaction Lock Integration Tests Lock Monitoring API should return lock status information","status":"skipped","title":"should return lock status information","failureMessages":[],"meta":{}},{"ancestorTitles":["Transaction Lock Integration Tests","Lock Monitoring API"],"fullName":"Transaction Lock Integration Tests Lock Monitoring API should check specific resource lock status","status":"skipped","title":"should check specific resource lock status","failureMessages":[],"meta":{}},{"ancestorTitles":["Transaction Lock Integration Tests","Emergency Lock Release"],"fullName":"Transaction Lock Integration Tests Emergency Lock Release should allow force release of locks by owner","status":"skipped","title":"should allow force release of locks by owner","failureMessages":[],"meta":{}},{"ancestorTitles":["Transaction Lock Integration Tests","Queue Priority Testing"],"fullName":"Transaction Lock Integration Tests Queue Priority Testing should prioritize SELL orders over BUY orders","status":"skipped","title":"should prioritize SELL orders over BUY orders","failureMessages":[],"meta":{}},{"ancestorTitles":["Transaction Lock Integration Tests","Performance Under Load"],"fullName":"Transaction Lock Integration Tests Performance Under Load should handle multiple concurrent requests gracefully","status":"skipped","title":"should handle multiple concurrent requests gracefully","failureMessages":[],"meta":{}},{"ancestorTitles":["Pattern Sniper Integration with Locks"],"fullName":"Pattern Sniper Integration with Locks should handle rapid snipe executions with lock protection","status":"skipped","title":"should handle rapid snipe executions with lock protection","failureMessages":[],"meta":{}},{"ancestorTitles":["Pattern Sniper Integration with Locks"],"fullName":"Pattern Sniper Integration with Locks should prevent double-spend on same snipe target","status":"skipped","title":"should prevent double-spend on same snipe target","failureMessages":[],"meta":{}}],"startTime":1749984570318,"endTime":1749984570318,"status":"failed","message":"","name":"/Users/neo/Developer/mexc-sniper-bot/tests/integration/transaction-lock-integration.test.ts"},{"assertionResults":[{"ancestorTitles":["Agent Health Monitoring System","Enhanced Health Check System"],"fullName":"Agent Health Monitoring System Enhanced Health Check System should register agents with enhanced health metrics","status":"passed","title":"should register agents with enhanced health metrics","duration":2.3645000000001346,"failureMessages":[],"meta":{}},{"ancestorTitles":["Agent Health Monitoring System","Enhanced Health Check System"],"fullName":"Agent Health Monitoring System Enhanced Health Check System should perform comprehensive health checks","status":"passed","title":"should perform comprehensive health checks","duration":101.62175000000002,"failureMessages":[],"meta":{}},{"ancestorTitles":["Agent Health Monitoring System","Enhanced Health Check System"],"fullName":"Agent Health Monitoring System Enhanced Health Check System should calculate health scores correctly","status":"passed","title":"should calculate health scores correctly","duration":203.0463749999999,"failureMessages":[],"meta":{}},{"ancestorTitles":["Agent Health Monitoring System","Enhanced Health Check System"],"fullName":"Agent Health Monitoring System Enhanced Health Check System should detect and update health trends","status":"passed","title":"should detect and update health trends","duration":6275.038874999999,"failureMessages":[],"meta":{}},{"ancestorTitles":["Agent Health Monitoring System","Enhanced Health Check System"],"fullName":"Agent Health Monitoring System Enhanced Health Check System should apply custom thresholds correctly","status":"passed","title":"should apply custom thresholds correctly","duration":803.0612499999997,"failureMessages":[],"meta":{}},{"ancestorTitles":["Agent Health Monitoring System","Enhanced Health Check System"],"fullName":"Agent Health Monitoring System Enhanced Health Check System should attempt automatic recovery for failing agents","status":"passed","title":"should attempt automatic recovery for failing agents","duration":308.5355410000011,"failureMessages":[],"meta":{}},{"ancestorTitles":["Agent Health Monitoring System","System Health Monitoring"],"fullName":"Agent Health Monitoring System System Health Monitoring should track system-wide statistics","status":"passed","title":"should track system-wide statistics","duration":4.6027089999988675,"failureMessages":[],"meta":{}},{"ancestorTitles":["Agent Health Monitoring System","System Health Monitoring"],"fullName":"Agent Health Monitoring System System Health Monitoring should generate system alerts for unhealthy agent percentage","status":"passed","title":"should generate system alerts for unhealthy agent percentage","duration":1014.7188750000005,"failureMessages":[],"meta":{}},{"ancestorTitles":["Agent Health Monitoring System","System Health Monitoring"],"fullName":"Agent Health Monitoring System System Health Monitoring should provide detailed agent health reports","status":"passed","title":"should provide detailed agent health reports","duration":0.8841250000004948,"failureMessages":[],"meta":{}},{"ancestorTitles":["Agent Health Monitoring System","Monitoring Service Integration"],"fullName":"Agent Health Monitoring System Monitoring Service Integration should start and stop monitoring service","status":"passed","title":"should start and stop monitoring service","duration":0.4672499999996944,"failureMessages":[],"meta":{}},{"ancestorTitles":["Agent Health Monitoring System","Monitoring Service Integration"],"fullName":"Agent Health Monitoring System Monitoring Service Integration should generate alerts for system issues","status":"passed","title":"should generate alerts for system issues","duration":1013.945208000001,"failureMessages":[],"meta":{}},{"ancestorTitles":["Agent Health Monitoring System","Monitoring Service Integration"],"fullName":"Agent Health Monitoring System Monitoring Service Integration should resolve alerts correctly","status":"passed","title":"should resolve alerts correctly","duration":508.98220799999945,"failureMessages":[],"meta":{}},{"ancestorTitles":["Agent Health Monitoring System","Monitoring Service Integration"],"fullName":"Agent Health Monitoring System Monitoring Service Integration should update monitoring configuration","status":"passed","title":"should update monitoring configuration","duration":0.36495800000011513,"failureMessages":[],"meta":{}},{"ancestorTitles":["Agent Health Monitoring System","Monitoring Service Integration"],"fullName":"Agent Health Monitoring System Monitoring Service Integration should provide monitoring statistics","status":"passed","title":"should provide monitoring statistics","duration":0.3843329999999696,"failureMessages":[],"meta":{}},{"ancestorTitles":["Agent Health Monitoring System","Recovery Mechanisms"],"fullName":"Agent Health Monitoring System Recovery Mechanisms should add custom recovery strategies","status":"passed","title":"should add custom recovery strategies","duration":0.7474999999994907,"failureMessages":[],"meta":{}},{"ancestorTitles":["Agent Health Monitoring System","Recovery Mechanisms"],"fullName":"Agent Health Monitoring System Recovery Mechanisms should track recovery attempts","status":"passed","title":"should track recovery attempts","duration":304.65350000000035,"failureMessages":[],"meta":{}},{"ancestorTitles":["Agent Health Monitoring System","Recovery Mechanisms"],"fullName":"Agent Health Monitoring System Recovery Mechanisms should set agent status to recovering during recovery attempts","status":"passed","title":"should set agent status to recovering during recovery attempts","duration":305.43595900000037,"failureMessages":[],"meta":{}},{"ancestorTitles":["Agent Health Monitoring System","Performance and Memory"],"fullName":"Agent Health Monitoring System Performance and Memory should estimate memory usage correctly","status":"passed","title":"should estimate memory usage correctly","duration":104.04229200000009,"failureMessages":[],"meta":{}},{"ancestorTitles":["Agent Health Monitoring System","Performance and Memory"],"fullName":"Agent Health Monitoring System Performance and Memory should estimate CPU usage based on performance","status":"passed","title":"should estimate CPU usage based on performance","duration":1004.382708000001,"failureMessages":[],"meta":{}},{"ancestorTitles":["Agent Health Monitoring System","Performance and Memory"],"fullName":"Agent Health Monitoring System Performance and Memory should track cache hit rates","status":"passed","title":"should track cache hit rates","duration":103.51633399999992,"failureMessages":[],"meta":{}},{"ancestorTitles":["Agent Health Monitoring System","Performance and Memory"],"fullName":"Agent Health Monitoring System Performance and Memory should clean up old health history","status":"passed","title":"should clean up old health history","duration":1516.1256250000006,"failureMessages":[],"meta":{}},{"ancestorTitles":["Agent Health Monitoring System","Error Handling and Edge Cases"],"fullName":"Agent Health Monitoring System Error Handling and Edge Cases should handle agent not found gracefully","status":"passed","title":"should handle agent not found gracefully","duration":2.385207999999693,"failureMessages":[],"meta":{}},{"ancestorTitles":["Agent Health Monitoring System","Error Handling and Edge Cases"],"fullName":"Agent Health Monitoring System Error Handling and Edge Cases should handle agent registration conflicts","status":"passed","title":"should handle agent registration conflicts","duration":0.678250000000844,"failureMessages":[],"meta":{}},{"ancestorTitles":["Agent Health Monitoring System","Error Handling and Edge Cases"],"fullName":"Agent Health Monitoring System Error Handling and Edge Cases should handle health check timeouts","status":"passed","title":"should handle health check timeouts","duration":8003.605833000001,"failureMessages":[],"meta":{}},{"ancestorTitles":["Agent Health Monitoring System","Error Handling and Edge Cases"],"fullName":"Agent Health Monitoring System Error Handling and Edge Cases should maintain health data consistency during errors","status":"passed","title":"should maintain health data consistency during errors","duration":101.24199999999837,"failureMessages":[],"meta":{}},{"ancestorTitles":["Agent Health Monitoring System","Error Handling and Edge Cases"],"fullName":"Agent Health Monitoring System Error Handling and Edge Cases should handle monitoring service destruction gracefully","status":"passed","title":"should handle monitoring service destruction gracefully","duration":0.7732909999976982,"failureMessages":[],"meta":{}}],"startTime":1749984572458,"endTime":1749984594145.7732,"status":"passed","message":"","name":"/Users/neo/Developer/mexc-sniper-bot/tests/unit/agent-health-monitoring.test.ts"},{"assertionResults":[{"ancestorTitles":["Authentication Consolidation","Route Decorators"],"fullName":"Authentication Consolidation Route Decorators should handle public routes without authentication","status":"passed","title":"should handle public routes without authentication","duration":4.220166000000063,"failureMessages":[],"meta":{}},{"ancestorTitles":["Authentication Consolidation","Route Decorators"],"fullName":"Authentication Consolidation Route Decorators should handle public route errors gracefully","status":"passed","title":"should handle public route errors gracefully","duration":1.6443750000000819,"failureMessages":[],"meta":{}},{"ancestorTitles":["Authentication Consolidation","Route Decorators"],"fullName":"Authentication Consolidation Route Decorators should apply authentication to authenticated routes","status":"passed","title":"should apply authentication to authenticated routes","duration":0.4516249999999218,"failureMessages":[],"meta":{}},{"ancestorTitles":["Authentication Consolidation","Route Decorators"],"fullName":"Authentication Consolidation Route Decorators should apply user-specific authentication to user query routes","status":"passed","title":"should apply user-specific authentication to user query routes","duration":0.588207999999895,"failureMessages":[],"meta":{}},{"ancestorTitles":["Authentication Consolidation","Route Decorators"],"fullName":"Authentication Consolidation Route Decorators should apply admin authentication to admin routes","status":"passed","title":"should apply admin authentication to admin routes","duration":0.5779999999999745,"failureMessages":[],"meta":{}},{"ancestorTitles":["Authentication Consolidation","Route Decorators"],"fullName":"Authentication Consolidation Route Decorators should apply secure authentication to secure routes","status":"passed","title":"should apply secure authentication to secure routes","duration":0.36458300000003874,"failureMessages":[],"meta":{}},{"ancestorTitles":["Authentication Consolidation","Route Decorators"],"fullName":"Authentication Consolidation Route Decorators should apply trading authentication to trading routes","status":"passed","title":"should apply trading authentication to trading routes","duration":0.26566600000001017,"failureMessages":[],"meta":{}},{"ancestorTitles":["Authentication Consolidation","Route Decorators"],"fullName":"Authentication Consolidation Route Decorators should apply sensitive data authentication to sensitive routes","status":"passed","title":"should apply sensitive data authentication to sensitive routes","duration":0.21987500000000182,"failureMessages":[],"meta":{}},{"ancestorTitles":["Authentication Consolidation","Utility Functions"],"fullName":"Authentication Consolidation Utility Functions should validate required fields correctly","status":"passed","title":"should validate required fields correctly","duration":0.1874169999998685,"failureMessages":[],"meta":{}},{"ancestorTitles":["Authentication Consolidation","Utility Functions"],"fullName":"Authentication Consolidation Utility Functions should return error for missing required fields","status":"passed","title":"should return error for missing required fields","duration":0.19191599999999198,"failureMessages":[],"meta":{}},{"ancestorTitles":["Authentication Consolidation","Utility Functions"],"fullName":"Authentication Consolidation Utility Functions should extract pagination parameters correctly","status":"passed","title":"should extract pagination parameters correctly","duration":0.4210000000000491,"failureMessages":[],"meta":{}},{"ancestorTitles":["Authentication Consolidation","Utility Functions"],"fullName":"Authentication Consolidation Utility Functions should use default pagination parameters","status":"passed","title":"should use default pagination parameters","duration":0.22866700000008677,"failureMessages":[],"meta":{}},{"ancestorTitles":["Authentication Consolidation","Utility Functions"],"fullName":"Authentication Consolidation Utility Functions should enforce pagination limits","status":"passed","title":"should enforce pagination limits","duration":0.1364579999999478,"failureMessages":[],"meta":{}},{"ancestorTitles":["Authentication Consolidation","Utility Functions"],"fullName":"Authentication Consolidation Utility Functions should extract filter parameters correctly","status":"passed","title":"should extract filter parameters correctly","duration":0.24670800000012605,"failureMessages":[],"meta":{}},{"ancestorTitles":["Authentication Consolidation","Utility Functions"],"fullName":"Authentication Consolidation Utility Functions should return empty object when no filters match","status":"passed","title":"should return empty object when no filters match","duration":0.12095799999997325,"failureMessages":[],"meta":{}},{"ancestorTitles":["Authentication Consolidation","User Body Route Integration"],"fullName":"Authentication Consolidation User Body Route Integration should handle user body route with valid data","status":"passed","title":"should handle user body route with valid data","duration":0.4449580000000424,"failureMessages":[],"meta":{}}],"startTime":1749984574528,"endTime":1749984574538.445,"status":"passed","message":"","name":"/Users/neo/Developer/mexc-sniper-bot/tests/unit/auth-consolidation.test.ts"},{"assertionResults":[{"ancestorTitles":["BaseAgent Caching"],"fullName":"BaseAgent Caching should cache responses and return cached results","status":"passed","title":"should cache responses and return cached results","duration":3.6824589999998807,"failureMessages":[],"meta":{}},{"ancestorTitles":["BaseAgent Caching"],"fullName":"BaseAgent Caching should respect cache TTL and refresh expired entries","status":"passed","title":"should respect cache TTL and refresh expired entries","duration":1102.0124579999997,"failureMessages":[],"meta":{}},{"ancestorTitles":["BaseAgent Caching"],"fullName":"BaseAgent Caching should allow disabling cache","status":"passed","title":"should allow disabling cache","duration":0.6374590000000353,"failureMessages":[],"meta":{}},{"ancestorTitles":["BaseAgent Caching"],"fullName":"BaseAgent Caching should provide cache statistics","status":"passed","title":"should provide cache statistics","duration":0.4300839999996242,"failureMessages":[],"meta":{}},{"ancestorTitles":["BaseAgent Caching"],"fullName":"BaseAgent Caching should generate different cache keys for different inputs","status":"passed","title":"should generate different cache keys for different inputs","duration":0.301792000000205,"failureMessages":[],"meta":{}},{"ancestorTitles":["BaseAgent Caching"],"fullName":"BaseAgent Caching should generate consistent cache keys for identical inputs","status":"passed","title":"should generate consistent cache keys for identical inputs","duration":0.9343330000001515,"failureMessages":[],"meta":{}},{"ancestorTitles":["BaseAgent Caching"],"fullName":"BaseAgent Caching should generate different cache keys for different inputs","status":"passed","title":"should generate different cache keys for different inputs","duration":2.320958000000246,"failureMessages":[],"meta":{}}],"startTime":1749984572459,"endTime":1749984573569.321,"status":"passed","message":"","name":"/Users/neo/Developer/mexc-sniper-bot/tests/unit/base-agent-caching.test.ts"},{"assertionResults":[{"ancestorTitles":["Cache Manager","Basic Cache Operations"],"fullName":"Cache Manager Basic Cache Operations should set and get cache entries","status":"passed","title":"should set and get cache entries","duration":1.697416999999973,"failureMessages":[],"meta":{}},{"ancestorTitles":["Cache Manager","Basic Cache Operations"],"fullName":"Cache Manager Basic Cache Operations should respect TTL expiration","status":"passed","title":"should respect TTL expiration","duration":152.12487499999997,"failureMessages":[],"meta":{}},{"ancestorTitles":["Cache Manager","Basic Cache Operations"],"fullName":"Cache Manager Basic Cache Operations should handle cache levels correctly","status":"passed","title":"should handle cache levels correctly","duration":0.29845799999998235,"failureMessages":[],"meta":{}},{"ancestorTitles":["Cache Manager","Basic Cache Operations"],"fullName":"Cache Manager Basic Cache Operations should delete cache entries","status":"passed","title":"should delete cache entries","duration":0.41375000000005,"failureMessages":[],"meta":{}},{"ancestorTitles":["Cache Manager","Basic Cache Operations"],"fullName":"Cache Manager Basic Cache Operations should clear all cache levels","status":"passed","title":"should clear all cache levels","duration":0.3324999999999818,"failureMessages":[],"meta":{}},{"ancestorTitles":["Cache Manager","Cache Invalidation"],"fullName":"Cache Manager Cache Invalidation should invalidate by pattern","status":"passed","title":"should invalidate by pattern","duration":0.36554100000000744,"failureMessages":[],"meta":{}},{"ancestorTitles":["Cache Manager","Cache Invalidation"],"fullName":"Cache Manager Cache Invalidation should invalidate by type","status":"passed","title":"should invalidate by type","duration":0.3630000000000564,"failureMessages":[],"meta":{}},{"ancestorTitles":["Cache Manager","Cache Invalidation"],"fullName":"Cache Manager Cache Invalidation should invalidate by dependency","status":"passed","title":"should invalidate by dependency","duration":0.41399999999998727,"failureMessages":[],"meta":{}},{"ancestorTitles":["Cache Manager","Cache Analytics"],"fullName":"Cache Manager Cache Analytics should track cache metrics","status":"passed","title":"should track cache metrics","duration":0.648708000000056,"failureMessages":[],"meta":{}},{"ancestorTitles":["Cache Manager","Cache Analytics"],"fullName":"Cache Manager Cache Analytics should provide size breakdown","status":"passed","title":"should provide size breakdown","duration":0.5678749999999582,"failureMessages":[],"meta":{}},{"ancestorTitles":["Cache Manager","Cache Analytics"],"fullName":"Cache Manager Cache Analytics should generate recommendations","status":"passed","title":"should generate recommendations","duration":0.19787499999995362,"failureMessages":[],"meta":{}},{"ancestorTitles":["Cache Manager","Cache Optimization"],"fullName":"Cache Manager Cache Optimization should cleanup expired entries","status":"passed","title":"should cleanup expired entries","duration":101.43387500000006,"failureMessages":[],"meta":{}},{"ancestorTitles":["Cache Manager","Cache Optimization"],"fullName":"Cache Manager Cache Optimization should optimize cache performance","status":"passed","title":"should optimize cache performance","duration":0.35874999999998636,"failureMessages":[],"meta":{}},{"ancestorTitles":["Enhanced Agent Cache","Agent Response Caching"],"fullName":"Enhanced Agent Cache Agent Response Caching should cache and retrieve agent responses","status":"passed","title":"should cache and retrieve agent responses","duration":1.555708999999979,"failureMessages":[],"meta":{}},{"ancestorTitles":["Enhanced Agent Cache","Agent Response Caching"],"fullName":"Enhanced Agent Cache Agent Response Caching should handle agent response priorities","status":"passed","title":"should handle agent response priorities","duration":0.38791699999990215,"failureMessages":[],"meta":{}},{"ancestorTitles":["Enhanced Agent Cache","Agent Response Caching"],"fullName":"Enhanced Agent Cache Agent Response Caching should invalidate agent responses by criteria","status":"passed","title":"should invalidate agent responses by criteria","duration":13.177332999999862,"failureMessages":[],"meta":{}},{"ancestorTitles":["Enhanced Agent Cache","Workflow Caching"],"fullName":"Enhanced Agent Cache Workflow Caching should cache workflow results","status":"passed","title":"should cache workflow results","duration":0.8079170000000886,"failureMessages":[],"meta":{}},{"ancestorTitles":["Enhanced Agent Cache","Workflow Caching"],"fullName":"Enhanced Agent Cache Workflow Caching should invalidate workflow results","status":"passed","title":"should invalidate workflow results","duration":12.334834,"failureMessages":[],"meta":{}},{"ancestorTitles":["Enhanced Agent Cache","Health Caching"],"fullName":"Enhanced Agent Cache Health Caching should cache agent health status","status":"passed","title":"should cache agent health status","duration":0.8757499999999254,"failureMessages":[],"meta":{}},{"ancestorTitles":["Enhanced Agent Cache","Cache Analytics"],"fullName":"Enhanced Agent Cache Cache Analytics should provide agent cache analytics","status":"passed","title":"should provide agent cache analytics","duration":0.6046250000001692,"failureMessages":[],"meta":{}},{"ancestorTitles":["API Response Cache","API Response Caching"],"fullName":"API Response Cache API Response Caching should cache API responses","status":"passed","title":"should cache API responses","duration":0.7948750000000473,"failureMessages":[],"meta":{}},{"ancestorTitles":["API Response Cache","API Response Caching"],"fullName":"API Response Cache API Response Caching should handle freshness validation","status":"passed","title":"should handle freshness validation","duration":152.39383299999986,"failureMessages":[],"meta":{}},{"ancestorTitles":["API Response Cache","API Response Caching"],"fullName":"API Response Cache API Response Caching should invalidate API responses","status":"passed","title":"should invalidate API responses","duration":12.102415999999948,"failureMessages":[],"meta":{}},{"ancestorTitles":["API Response Cache","Request Deduplication"],"fullName":"API Response Cache Request Deduplication should deduplicate concurrent requests","status":"passed","title":"should deduplicate concurrent requests","duration":103.12379199999987,"failureMessages":[],"meta":{}},{"ancestorTitles":["API Response Cache","API Cache Analytics"],"fullName":"API Response Cache API Cache Analytics should provide API cache analytics","status":"passed","title":"should provide API cache analytics","duration":0.9958750000000691,"failureMessages":[],"meta":{}},{"ancestorTitles":["Cache Monitoring System","Cache Monitoring"],"fullName":"Cache Monitoring System Cache Monitoring should collect current cache status","status":"passed","title":"should collect current cache status","duration":1.785333000000037,"failureMessages":[],"meta":{}},{"ancestorTitles":["Cache Monitoring System","Cache Monitoring"],"fullName":"Cache Monitoring System Cache Monitoring should track alerts","status":"passed","title":"should track alerts","duration":0.3342079999999896,"failureMessages":[],"meta":{}},{"ancestorTitles":["Cache Monitoring System","Cache Monitoring"],"fullName":"Cache Monitoring System Cache Monitoring should provide recommendations","status":"passed","title":"should provide recommendations","duration":0.21949999999992542,"failureMessages":[],"meta":{}},{"ancestorTitles":["Cache Monitoring System","Cache Monitoring"],"fullName":"Cache Monitoring System Cache Monitoring should optimize cache performance","status":"passed","title":"should optimize cache performance","duration":0.405666999999994,"failureMessages":[],"meta":{}},{"ancestorTitles":["Cache Monitoring System","Performance Reports"],"fullName":"Cache Monitoring System Performance Reports should generate performance reports","status":"passed","title":"should generate performance reports","duration":51.68729199999984,"failureMessages":[],"meta":{}},{"ancestorTitles":["Cache Utilities","generateCacheKey"],"fullName":"Cache Utilities generateCacheKey should generate consistent cache keys","status":"passed","title":"should generate consistent cache keys","duration":0.6360830000000988,"failureMessages":[],"meta":{}},{"ancestorTitles":["Cache Utilities","generateCacheKey"],"fullName":"Cache Utilities generateCacheKey should handle different data types","status":"passed","title":"should handle different data types","duration":0.0882920000001377,"failureMessages":[],"meta":{}},{"ancestorTitles":["Global Cache Integration"],"fullName":"Global Cache Integration should have global cache instances available","status":"passed","title":"should have global cache instances available","duration":0.06704199999990124,"failureMessages":[],"meta":{}},{"ancestorTitles":["Global Cache Integration"],"fullName":"Global Cache Integration should maintain cache state across operations","status":"passed","title":"should maintain cache state across operations","duration":0.07441700000003948,"failureMessages":[],"meta":{}},{"ancestorTitles":["Global Cache Integration"],"fullName":"Global Cache Integration should provide analytics from global instances","status":"passed","title":"should provide analytics from global instances","duration":0.08962500000006912,"failureMessages":[],"meta":{}},{"ancestorTitles":["Cache Error Handling"],"fullName":"Cache Error Handling should handle cache errors gracefully","status":"passed","title":"should handle cache errors gracefully","duration":0.5094169999999849,"failureMessages":[],"meta":{}},{"ancestorTitles":["Cache Error Handling"],"fullName":"Cache Error Handling should handle serialization errors","status":"passed","title":"should handle serialization errors","duration":0.1350840000000062,"failureMessages":[],"meta":{}},{"ancestorTitles":["Cache Performance"],"fullName":"Cache Performance should handle large cache operations efficiently","status":"passed","title":"should handle large cache operations efficiently","duration":3.027667000000065,"failureMessages":[],"meta":{}},{"ancestorTitles":["Cache Performance"],"fullName":"Cache Performance should maintain good hit rates under load","status":"passed","title":"should maintain good hit rates under load","duration":0.9609170000001086,"failureMessages":[],"meta":{}}],"startTime":1749984573232,"endTime":1749984573850.961,"status":"passed","message":"","name":"/Users/neo/Developer/mexc-sniper-bot/tests/unit/cache-system.test.ts"},{"assertionResults":[{"ancestorTitles":["Agent Coordination System","AgentRegistry"],"fullName":"Agent Coordination System AgentRegistry should register and retrieve agents","status":"passed","title":"should register and retrieve agents","duration":1.854082999999946,"failureMessages":[],"meta":{}},{"ancestorTitles":["Agent Coordination System","AgentRegistry"],"fullName":"Agent Coordination System AgentRegistry should check agent availability","status":"passed","title":"should check agent availability","duration":0.6819580000001224,"failureMessages":[],"meta":{}},{"ancestorTitles":["Agent Coordination System","AgentRegistry"],"fullName":"Agent Coordination System AgentRegistry should get agents by type","status":"passed","title":"should get agents by type","duration":1.4618330000000697,"failureMessages":[],"meta":{}},{"ancestorTitles":["Agent Coordination System","AgentRegistry"],"fullName":"Agent Coordination System AgentRegistry should get registry statistics","status":"passed","title":"should get registry statistics","duration":0.7357499999998254,"failureMessages":[],"meta":{}},{"ancestorTitles":["Agent Coordination System","AgentRegistry"],"fullName":"Agent Coordination System AgentRegistry should perform health checks","status":"passed","title":"should perform health checks","duration":1.0119999999999436,"failureMessages":[],"meta":{}},{"ancestorTitles":["Agent Coordination System","WorkflowEngine"],"fullName":"Agent Coordination System WorkflowEngine should register workflow definitions","status":"passed","title":"should register workflow definitions","duration":0.7541670000000522,"failureMessages":[],"meta":{}},{"ancestorTitles":["Agent Coordination System","WorkflowEngine"],"fullName":"Agent Coordination System WorkflowEngine should validate workflow definitions","status":"passed","title":"should validate workflow definitions","duration":0.597582999999986,"failureMessages":[],"meta":{}},{"ancestorTitles":["Agent Coordination System","WorkflowEngine"],"fullName":"Agent Coordination System WorkflowEngine should track running workflows","status":"passed","title":"should track running workflows","duration":0.2566669999998794,"failureMessages":[],"meta":{}},{"ancestorTitles":["Agent Coordination System","PerformanceCollector"],"fullName":"Agent Coordination System PerformanceCollector should get current performance summary","status":"passed","title":"should get current performance summary","duration":1.3436670000000959,"failureMessages":[],"meta":{}},{"ancestorTitles":["Agent Coordination System","PerformanceCollector"],"fullName":"Agent Coordination System PerformanceCollector should generate performance reports","status":"passed","title":"should generate performance reports","duration":0.684833000000026,"failureMessages":[],"meta":{}},{"ancestorTitles":["Agent Coordination System","Integration Tests"],"fullName":"Agent Coordination System Integration Tests should create complete coordination system","status":"passed","title":"should create complete coordination system","duration":4.1794159999999465,"failureMessages":[],"meta":{}},{"ancestorTitles":["Agent Coordination System","Integration Tests"],"fullName":"Agent Coordination System Integration Tests should handle orchestrator workflow execution","status":"passed","title":"should handle orchestrator workflow execution","duration":13.137041999999838,"failureMessages":[],"meta":{}}],"startTime":1749984572500,"endTime":1749984572527.137,"status":"passed","message":"","name":"/Users/neo/Developer/mexc-sniper-bot/tests/unit/coordination-system.test.ts"},{"assertionResults":[{"ancestorTitles":["Database Optimization","Phase 1: Query Performance Analysis"],"fullName":"Database Optimization Phase 1: Query Performance Analysis should analyze query performance and identify bottlenecks","status":"passed","title":"should analyze query performance and identify bottlenecks","duration":8.271916999999917,"failureMessages":[],"meta":{}},{"ancestorTitles":["Database Optimization","Phase 1: Query Performance Analysis"],"fullName":"Database Optimization Phase 1: Query Performance Analysis should export analysis results","status":"passed","title":"should export analysis results","duration":0.2719160000000329,"failureMessages":[],"meta":{}},{"ancestorTitles":["Database Optimization","Phase 2: Index Optimization"],"fullName":"Database Optimization Phase 2: Index Optimization should create strategic indexes for agent operations","status":"passed","title":"should create strategic indexes for agent operations","duration":2.9050829999999905,"failureMessages":[],"meta":{}},{"ancestorTitles":["Database Optimization","Phase 2: Index Optimization"],"fullName":"Database Optimization Phase 2: Index Optimization should validate index integrity","status":"passed","title":"should validate index integrity","duration":8.529083000000014,"failureMessages":[],"meta":{}},{"ancestorTitles":["Database Optimization","Phase 2: Index Optimization"],"fullName":"Database Optimization Phase 2: Index Optimization should generate optimized index SQL","status":"passed","title":"should generate optimized index SQL","duration":1.089749999999981,"failureMessages":[],"meta":{}},{"ancestorTitles":["Database Optimization","Phase 3: Query Optimization"],"fullName":"Database Optimization Phase 3: Query Optimization should optimize snipe target queries","status":"passed","title":"should optimize snipe target queries","duration":1.0659590000000208,"failureMessages":[],"meta":{}},{"ancestorTitles":["Database Optimization","Phase 3: Query Optimization"],"fullName":"Database Optimization Phase 3: Query Optimization should optimize pattern embedding queries","status":"passed","title":"should optimize pattern embedding queries","duration":1.0358750000000327,"failureMessages":[],"meta":{}},{"ancestorTitles":["Database Optimization","Phase 3: Query Optimization"],"fullName":"Database Optimization Phase 3: Query Optimization should handle batch operations efficiently","status":"passed","title":"should handle batch operations efficiently","duration":1.0071659999999838,"failureMessages":[],"meta":{}},{"ancestorTitles":["Database Optimization","Phase 3: Query Optimization"],"fullName":"Database Optimization Phase 3: Query Optimization should implement query result caching","status":"passed","title":"should implement query result caching","duration":0.1685420000000022,"failureMessages":[],"meta":{}},{"ancestorTitles":["Database Optimization","Phase 4: Connection Pooling & Caching"],"fullName":"Database Optimization Phase 4: Connection Pooling & Caching should configure connection pool for optimal performance","status":"passed","title":"should configure connection pool for optimal performance","duration":0.5616250000000491,"failureMessages":[],"meta":{}},{"ancestorTitles":["Database Optimization","Phase 4: Connection Pooling & Caching"],"fullName":"Database Optimization Phase 4: Connection Pooling & Caching should implement query result caching","status":"passed","title":"should implement query result caching","duration":0.18562499999995907,"failureMessages":[],"meta":{}},{"ancestorTitles":["Database Optimization","Phase 4: Connection Pooling & Caching"],"fullName":"Database Optimization Phase 4: Connection Pooling & Caching should execute optimized select queries","status":"passed","title":"should execute optimized select queries","duration":1.3602079999999432,"failureMessages":[],"meta":{}},{"ancestorTitles":["Database Optimization","Phase 4: Connection Pooling & Caching"],"fullName":"Database Optimization Phase 4: Connection Pooling & Caching should execute optimized write queries with cache invalidation","status":"passed","title":"should execute optimized write queries with cache invalidation","duration":0.3617499999999154,"failureMessages":[],"meta":{}},{"ancestorTitles":["Database Optimization","Complete Optimization Integration"],"fullName":"Database Optimization Complete Optimization Integration should run complete optimization successfully","status":"passed","title":"should run complete optimization successfully","duration":175.26516700000002,"failureMessages":[],"meta":{}},{"ancestorTitles":["Database Optimization","Complete Optimization Integration"],"fullName":"Database Optimization Complete Optimization Integration should achieve performance improvement target","status":"passed","title":"should achieve performance improvement target","duration":0.13029200000005403,"failureMessages":[],"meta":{}},{"ancestorTitles":["Database Optimization","Complete Optimization Integration"],"fullName":"Database Optimization Complete Optimization Integration should optimize for agent workloads","status":"passed","title":"should optimize for agent workloads","duration":0.2346669999999449,"failureMessages":[],"meta":{}},{"ancestorTitles":["Database Optimization","Complete Optimization Integration"],"fullName":"Database Optimization Complete Optimization Integration should export optimization report","status":"passed","title":"should export optimization report","duration":0.4608329999999796,"failureMessages":[],"meta":{}},{"ancestorTitles":["Database Optimization","Performance Monitoring"],"fullName":"Database Optimization Performance Monitoring should monitor query performance","status":"passed","title":"should monitor query performance","duration":0.15841599999998834,"failureMessages":[],"meta":{}},{"ancestorTitles":["Database Optimization","Performance Monitoring"],"fullName":"Database Optimization Performance Monitoring should provide optimization recommendations","status":"passed","title":"should provide optimization recommendations","duration":0.13429199999995944,"failureMessages":[],"meta":{}},{"ancestorTitles":["Database Optimization","Performance Monitoring"],"fullName":"Database Optimization Performance Monitoring should wrap queries with monitoring","status":"passed","title":"should wrap queries with monitoring","duration":5.459582999999952,"failureMessages":[],"meta":{}}],"startTime":1749984573241,"endTime":1749984573450.4595,"status":"passed","message":"","name":"/Users/neo/Developer/mexc-sniper-bot/tests/unit/database-optimization.test.ts"},{"assertionResults":[{"ancestorTitles":["Enhanced Rate Limiter","Security Event Logging"],"fullName":"Enhanced Rate Limiter Security Event Logging should log security events with timestamps","status":"passed","title":"should log security events with timestamps","duration":4.660499999999956,"failureMessages":[],"meta":{}},{"ancestorTitles":["Enhanced Rate Limiter","Security Event Logging"],"fullName":"Enhanced Rate Limiter Security Event Logging should filter events by type","status":"passed","title":"should filter events by type","duration":2.4204580000000533,"failureMessages":[],"meta":{}},{"ancestorTitles":["Enhanced Rate Limiter","Security Event Logging"],"fullName":"Enhanced Rate Limiter Security Event Logging should limit stored events to prevent memory bloat","status":"passed","title":"should limit stored events to prevent memory bloat","duration":2.5127090000000862,"failureMessages":[],"meta":{}},{"ancestorTitles":["Enhanced Rate Limiter","Enhanced Rate Limiting"],"fullName":"Enhanced Rate Limiter Enhanced Rate Limiting should track first and last attempt times","status":"passed","title":"should track first and last attempt times","duration":0.6175410000000738,"failureMessages":[],"meta":{}},{"ancestorTitles":["Enhanced Rate Limiter","Enhanced Rate Limiting"],"fullName":"Enhanced Rate Limiter Enhanced Rate Limiting should log authentication attempts","status":"passed","title":"should log authentication attempts","duration":0.4077919999999722,"failureMessages":[],"meta":{}},{"ancestorTitles":["Enhanced Rate Limiter","Enhanced Rate Limiting"],"fullName":"Enhanced Rate Limiter Enhanced Rate Limiting should log rate limit violations","status":"passed","title":"should log rate limit violations","duration":0.4046249999998963,"failureMessages":[],"meta":{}},{"ancestorTitles":["Enhanced Rate Limiter","Enhanced Rate Limiting"],"fullName":"Enhanced Rate Limiter Enhanced Rate Limiting should detect suspicious activity","status":"passed","title":"should detect suspicious activity","duration":0.2764999999999418,"failureMessages":[],"meta":{}},{"ancestorTitles":["Enhanced Rate Limiter","IP Analysis"],"fullName":"Enhanced Rate Limiter IP Analysis should identify suspicious IPs","status":"passed","title":"should identify suspicious IPs","duration":0.22520900000017718,"failureMessages":[],"meta":{}},{"ancestorTitles":["Enhanced Rate Limiter","IP Analysis"],"fullName":"Enhanced Rate Limiter IP Analysis should provide detailed IP analysis","status":"passed","title":"should provide detailed IP analysis","duration":0.5482090000000426,"failureMessages":[],"meta":{}},{"ancestorTitles":["Enhanced Rate Limiter","IP Analysis"],"fullName":"Enhanced Rate Limiter IP Analysis should calculate risk levels correctly","status":"passed","title":"should calculate risk levels correctly","duration":0.8700000000001182,"failureMessages":[],"meta":{}},{"ancestorTitles":["Enhanced Rate Limiter","Statistics and Monitoring"],"fullName":"Enhanced Rate Limiter Statistics and Monitoring should provide rate limit statistics","status":"passed","title":"should provide rate limit statistics","duration":0.25604199999997945,"failureMessages":[],"meta":{}},{"ancestorTitles":["Enhanced Rate Limiter","Statistics and Monitoring"],"fullName":"Enhanced Rate Limiter Statistics and Monitoring should identify top offenders","status":"passed","title":"should identify top offenders","duration":0.12508299999990413,"failureMessages":[],"meta":{}}],"startTime":1749984574631,"endTime":1749984574645.256,"status":"passed","message":"","name":"/Users/neo/Developer/mexc-sniper-bot/tests/unit/enhanced-rate-limiter.test.ts"},{"assertionResults":[{"ancestorTitles":["MEXC API Client Utilities","Signature generation logic"],"fullName":"MEXC API Client Utilities Signature generation logic should create proper query string for signature","status":"passed","title":"should create proper query string for signature","duration":16.430124999999975,"failureMessages":[],"meta":{}},{"ancestorTitles":["MEXC API Client Utilities","Signature generation logic"],"fullName":"MEXC API Client Utilities Signature generation logic should filter out undefined and null values","status":"passed","title":"should filter out undefined and null values","duration":0.1901660000000902,"failureMessages":[],"meta":{}},{"ancestorTitles":["MEXC API Client Utilities","Signature generation logic"],"fullName":"MEXC API Client Utilities Signature generation logic should sort parameters alphabetically","status":"passed","title":"should sort parameters alphabetically","duration":0.1917079999999487,"failureMessages":[],"meta":{}},{"ancestorTitles":["MEXC API Client Utilities","Rate limiting logic"],"fullName":"MEXC API Client Utilities Rate limiting logic should calculate correct delay when request is too soon","status":"passed","title":"should calculate correct delay when request is too soon","duration":0.09508400000004258,"failureMessages":[],"meta":{}},{"ancestorTitles":["MEXC API Client Utilities","Rate limiting logic"],"fullName":"MEXC API Client Utilities Rate limiting logic should not delay when enough time has passed","status":"passed","title":"should not delay when enough time has passed","duration":0.06733299999996234,"failureMessages":[],"meta":{}},{"ancestorTitles":["MEXC API Client Utilities","URL construction logic"],"fullName":"MEXC API Client Utilities URL construction logic should build correct endpoint URLs","status":"passed","title":"should build correct endpoint URLs","duration":0.18795799999998053,"failureMessages":[],"meta":{}},{"ancestorTitles":["MEXC API Client Utilities","URL construction logic"],"fullName":"MEXC API Client Utilities URL construction logic should handle endpoint with leading slash","status":"passed","title":"should handle endpoint with leading slash","duration":0.06837499999994634,"failureMessages":[],"meta":{}},{"ancestorTitles":["MEXC API Client Utilities","URL construction logic"],"fullName":"MEXC API Client Utilities URL construction logic should handle endpoint without leading slash","status":"passed","title":"should handle endpoint without leading slash","duration":0.0600409999999556,"failureMessages":[],"meta":{}},{"ancestorTitles":["MEXC API Client Utilities","Configuration validation"],"fullName":"MEXC API Client Utilities Configuration validation should use default values when not provided","status":"passed","title":"should use default values when not provided","duration":0.09475000000009004,"failureMessages":[],"meta":{}},{"ancestorTitles":["MEXC API Client Utilities","Configuration validation"],"fullName":"MEXC API Client Utilities Configuration validation should use provided values over defaults","status":"passed","title":"should use provided values over defaults","duration":0.08258299999999963,"failureMessages":[],"meta":{}},{"ancestorTitles":["MEXC API Client Utilities","Error handling scenarios"],"fullName":"MEXC API Client Utilities Error handling scenarios should identify missing credentials error","status":"passed","title":"should identify missing credentials error","duration":0.1247089999999389,"failureMessages":[],"meta":{}},{"ancestorTitles":["MEXC API Client Utilities","Error handling scenarios"],"fullName":"MEXC API Client Utilities Error handling scenarios should validate request parameters","status":"passed","title":"should validate request parameters","duration":0.9373749999999745,"failureMessages":[],"meta":{}}],"startTime":1749984573458,"endTime":1749984573475.9373,"status":"passed","message":"","name":"/Users/neo/Developer/mexc-sniper-bot/tests/unit/mexc-api-client.test.ts"},{"assertionResults":[{"ancestorTitles":["MEXC Schemas","CalendarEntrySchema"],"fullName":"MEXC Schemas CalendarEntrySchema should validate a correct calendar entry","status":"passed","title":"should validate a correct calendar entry","duration":1.896750000000111,"failureMessages":[],"meta":{}},{"ancestorTitles":["MEXC Schemas","CalendarEntrySchema"],"fullName":"MEXC Schemas CalendarEntrySchema should reject calendar entry with missing fields","status":"passed","title":"should reject calendar entry with missing fields","duration":0.4769579999999678,"failureMessages":[],"meta":{}},{"ancestorTitles":["MEXC Schemas","CalendarEntrySchema"],"fullName":"MEXC Schemas CalendarEntrySchema should reject calendar entry with wrong types","status":"passed","title":"should reject calendar entry with wrong types","duration":0.17162499999994907,"failureMessages":[],"meta":{}},{"ancestorTitles":["MEXC Schemas","SymbolV2EntrySchema"],"fullName":"MEXC Schemas SymbolV2EntrySchema should validate a correct symbol entry","status":"passed","title":"should validate a correct symbol entry","duration":0.25716699999998127,"failureMessages":[],"meta":{}},{"ancestorTitles":["MEXC Schemas","SymbolV2EntrySchema"],"fullName":"MEXC Schemas SymbolV2EntrySchema should validate minimal symbol entry","status":"passed","title":"should validate minimal symbol entry","duration":0.13029200000005403,"failureMessages":[],"meta":{}},{"ancestorTitles":["MEXC Schemas","SymbolV2EntrySchema"],"fullName":"MEXC Schemas SymbolV2EntrySchema should reject symbol entry with missing required fields","status":"passed","title":"should reject symbol entry with missing required fields","duration":0.14675000000011096,"failureMessages":[],"meta":{}},{"ancestorTitles":["MEXC Schemas","ReadyStatePatternSchema"],"fullName":"MEXC Schemas ReadyStatePatternSchema should validate correct ready state pattern","status":"passed","title":"should validate correct ready state pattern","duration":0.14387499999998,"failureMessages":[],"meta":{}},{"ancestorTitles":["MEXC Schemas","ReadyStatePatternSchema"],"fullName":"MEXC Schemas ReadyStatePatternSchema should validate READY_STATE_PATTERN constant","status":"passed","title":"should validate READY_STATE_PATTERN constant","duration":0.14429100000006656,"failureMessages":[],"meta":{}},{"ancestorTitles":["MEXC Schemas","Validation helpers"],"fullName":"MEXC Schemas Validation helpers should validate calendar entry with helper function","status":"passed","title":"should validate calendar entry with helper function","duration":0.09950000000003456,"failureMessages":[],"meta":{}},{"ancestorTitles":["MEXC Schemas","Validation helpers"],"fullName":"MEXC Schemas Validation helpers should throw error for invalid calendar entry","status":"passed","title":"should throw error for invalid calendar entry","duration":0.18012499999986176,"failureMessages":[],"meta":{}},{"ancestorTitles":["MEXC Schemas","Validation helpers"],"fullName":"MEXC Schemas Validation helpers should validate symbol entry with helper function","status":"passed","title":"should validate symbol entry with helper function","duration":0.3698339999998552,"failureMessages":[],"meta":{}},{"ancestorTitles":["MEXC Schemas","Pattern matching utilities","matchesReadyPattern"],"fullName":"MEXC Schemas Pattern matching utilities matchesReadyPattern should return true for symbol matching ready pattern","status":"passed","title":"should return true for symbol matching ready pattern","duration":0.6514579999998205,"failureMessages":[],"meta":{}},{"ancestorTitles":["MEXC Schemas","Pattern matching utilities","matchesReadyPattern"],"fullName":"MEXC Schemas Pattern matching utilities matchesReadyPattern should return false for symbol not matching ready pattern","status":"passed","title":"should return false for symbol not matching ready pattern","duration":0.1840829999998732,"failureMessages":[],"meta":{}},{"ancestorTitles":["MEXC Schemas","Pattern matching utilities","matchesReadyPattern"],"fullName":"MEXC Schemas Pattern matching utilities matchesReadyPattern should return true for incomplete symbol with correct pattern","status":"passed","title":"should return true for incomplete symbol with correct pattern","duration":0.059375000000045475,"failureMessages":[],"meta":{}},{"ancestorTitles":["MEXC Schemas","Pattern matching utilities","hasCompleteData"],"fullName":"MEXC Schemas Pattern matching utilities hasCompleteData should return true for symbol with complete data","status":"passed","title":"should return true for symbol with complete data","duration":0.13200000000006185,"failureMessages":[],"meta":{}},{"ancestorTitles":["MEXC Schemas","Pattern matching utilities","hasCompleteData"],"fullName":"MEXC Schemas Pattern matching utilities hasCompleteData should return false for symbol missing data","status":"passed","title":"should return false for symbol missing data","duration":0.06687499999998181,"failureMessages":[],"meta":{}},{"ancestorTitles":["MEXC Schemas","Pattern matching utilities","isValidForSnipe"],"fullName":"MEXC Schemas Pattern matching utilities isValidForSnipe should return true only for ready symbols with complete data","status":"passed","title":"should return true only for ready symbols with complete data","duration":0.05770899999993162,"failureMessages":[],"meta":{}},{"ancestorTitles":["MEXC Schemas","Pattern matching utilities","isValidForSnipe"],"fullName":"MEXC Schemas Pattern matching utilities isValidForSnipe should return false for not ready symbols","status":"passed","title":"should return false for not ready symbols","duration":0.04454200000009223,"failureMessages":[],"meta":{}},{"ancestorTitles":["MEXC Schemas","Pattern matching utilities","isValidForSnipe"],"fullName":"MEXC Schemas Pattern matching utilities isValidForSnipe should return false for ready symbols without complete data","status":"passed","title":"should return false for ready symbols without complete data","duration":0.04137500000001637,"failureMessages":[],"meta":{}}],"startTime":1749984574970,"endTime":1749984574976.0576,"status":"passed","message":"","name":"/Users/neo/Developer/mexc-sniper-bot/tests/unit/mexc-schemas.test.ts"},{"assertionResults":[{"ancestorTitles":["OptimizedAutoExitManager Performance Tests","Batch Processing Performance"],"fullName":"OptimizedAutoExitManager Performance Tests Batch Processing Performance should handle batch price fetching efficiently","status":"passed","title":"should handle batch price fetching efficiently","duration":4.93729200000007,"failureMessages":[],"meta":{}},{"ancestorTitles":["OptimizedAutoExitManager Performance Tests","Batch Processing Performance"],"fullName":"OptimizedAutoExitManager Performance Tests Batch Processing Performance should process positions in efficient batches","status":"passed","title":"should process positions in efficient batches","duration":12.164499999999975,"failureMessages":[],"meta":{}},{"ancestorTitles":["OptimizedAutoExitManager Performance Tests","Database Query Optimization"],"fullName":"OptimizedAutoExitManager Performance Tests Database Query Optimization should use JOIN queries instead of N+1 patterns","status":"passed","title":"should use JOIN queries instead of N+1 patterns","duration":1.6589170000000877,"failureMessages":[],"meta":{}},{"ancestorTitles":["OptimizedAutoExitManager Performance Tests","Database Query Optimization"],"fullName":"OptimizedAutoExitManager Performance Tests Database Query Optimization should handle large datasets efficiently","status":"passed","title":"should handle large datasets efficiently","duration":2.438792000000035,"failureMessages":[],"meta":{}},{"ancestorTitles":["OptimizedAutoExitManager Performance Tests","Price Caching System"],"fullName":"OptimizedAutoExitManager Performance Tests Price Caching System should cache prices for configured TTL","status":"passed","title":"should cache prices for configured TTL","duration":3.8981249999999363,"failureMessages":[],"meta":{}},{"ancestorTitles":["OptimizedAutoExitManager Performance Tests","Price Caching System"],"fullName":"OptimizedAutoExitManager Performance Tests Price Caching System should clean up expired cache entries","status":"passed","title":"should clean up expired cache entries","duration":1.305250000000001,"failureMessages":[],"meta":{}},{"ancestorTitles":["OptimizedAutoExitManager Performance Tests","Monitoring Status and Metrics"],"fullName":"OptimizedAutoExitManager Performance Tests Monitoring Status and Metrics should provide comprehensive status information","status":"passed","title":"should provide comprehensive status information","duration":12.727750000000015,"failureMessages":[],"meta":{}},{"ancestorTitles":["OptimizedAutoExitManager Performance Tests","Monitoring Status and Metrics"],"fullName":"OptimizedAutoExitManager Performance Tests Monitoring Status and Metrics should track monitoring state correctly","status":"passed","title":"should track monitoring state correctly","duration":3.3503749999999854,"failureMessages":[],"meta":{}},{"ancestorTitles":["OptimizedAutoExitManager Performance Tests","Exit Condition Evaluation"],"fullName":"OptimizedAutoExitManager Performance Tests Exit Condition Evaluation should evaluate stop-loss conditions efficiently","status":"passed","title":"should evaluate stop-loss conditions efficiently","duration":0.8730829999999514,"failureMessages":[],"meta":{}},{"ancestorTitles":["OptimizedAutoExitManager Performance Tests","Performance Benchmarks"],"fullName":"OptimizedAutoExitManager Performance Tests Performance Benchmarks should outperform the original AutoExitManager","status":"passed","title":"should outperform the original AutoExitManager","duration":6.283124999999927,"failureMessages":[],"meta":{}},{"ancestorTitles":["OptimizedAutoExitManager Performance Tests","Performance Benchmarks"],"fullName":"OptimizedAutoExitManager Performance Tests Performance Benchmarks should maintain low memory footprint","status":"passed","title":"should maintain low memory footprint","duration":1.69275000000016,"failureMessages":[],"meta":{}}],"startTime":1749984574357,"endTime":1749984574409.6929,"status":"passed","message":"","name":"/Users/neo/Developer/mexc-sniper-bot/tests/unit/optimized-auto-exit-manager.test.ts"},{"assertionResults":[{"ancestorTitles":["SecureEncryptionService","Constructor"],"fullName":"SecureEncryptionService Constructor should throw error if ENCRYPTION_MASTER_KEY is not set","status":"passed","title":"should throw error if ENCRYPTION_MASTER_KEY is not set","duration":1.81675000000007,"failureMessages":[],"meta":{}},{"ancestorTitles":["SecureEncryptionService","Constructor"],"fullName":"SecureEncryptionService Constructor should throw error if key is too short","status":"passed","title":"should throw error if key is too short","duration":0.25079200000004676,"failureMessages":[],"meta":{}},{"ancestorTitles":["SecureEncryptionService","Constructor"],"fullName":"SecureEncryptionService Constructor should throw error if key is not valid base64","status":"passed","title":"should throw error if key is not valid base64","duration":0.15991599999995287,"failureMessages":[],"meta":{}},{"ancestorTitles":["SecureEncryptionService","Encryption and Decryption"],"fullName":"SecureEncryptionService Encryption and Decryption should encrypt and decrypt a string correctly","status":"passed","title":"should encrypt and decrypt a string correctly","duration":30.600041000000033,"failureMessages":[],"meta":{}},{"ancestorTitles":["SecureEncryptionService","Encryption and Decryption"],"fullName":"SecureEncryptionService Encryption and Decryption should produce different ciphertext for same input (due to random salt/nonce)","status":"passed","title":"should produce different ciphertext for same input (due to random salt/nonce)","duration":57.61674999999991,"failureMessages":[],"meta":{}},{"ancestorTitles":["SecureEncryptionService","Encryption and Decryption"],"fullName":"SecureEncryptionService Encryption and Decryption should handle empty strings","status":"passed","title":"should handle empty strings","duration":27.16579200000001,"failureMessages":[],"meta":{}},{"ancestorTitles":["SecureEncryptionService","Encryption and Decryption"],"fullName":"SecureEncryptionService Encryption and Decryption should handle long strings","status":"passed","title":"should handle long strings","duration":27.037374999999997,"failureMessages":[],"meta":{}},{"ancestorTitles":["SecureEncryptionService","Encryption and Decryption"],"fullName":"SecureEncryptionService Encryption and Decryption should handle special characters","status":"passed","title":"should handle special characters","duration":28.708833000000027,"failureMessages":[],"meta":{}},{"ancestorTitles":["SecureEncryptionService","Encryption and Decryption"],"fullName":"SecureEncryptionService Encryption and Decryption should handle Unicode characters","status":"passed","title":"should handle Unicode characters","duration":31.170084000000088,"failureMessages":[],"meta":{}},{"ancestorTitles":["SecureEncryptionService","Encryption and Decryption"],"fullName":"SecureEncryptionService Encryption and Decryption should fail to decrypt tampered data","status":"passed","title":"should fail to decrypt tampered data","duration":27.167042000000038,"failureMessages":[],"meta":{}},{"ancestorTitles":["SecureEncryptionService","Encryption and Decryption"],"fullName":"SecureEncryptionService Encryption and Decryption should fail to decrypt invalid format","status":"passed","title":"should fail to decrypt invalid format","duration":2.099707999999964,"failureMessages":[],"meta":{}},{"ancestorTitles":["SecureEncryptionService","Format Validation"],"fullName":"SecureEncryptionService Format Validation should validate correctly encrypted format","status":"passed","title":"should validate correctly encrypted format","duration":16.220334000000094,"failureMessages":[],"meta":{}},{"ancestorTitles":["SecureEncryptionService","Format Validation"],"fullName":"SecureEncryptionService Format Validation should reject invalid formats","status":"passed","title":"should reject invalid formats","duration":0.3581250000000864,"failureMessages":[],"meta":{}},{"ancestorTitles":["SecureEncryptionService","Reencryption"],"fullName":"SecureEncryptionService Reencryption should reencrypt data with new salt/nonce","status":"passed","title":"should reencrypt data with new salt/nonce","duration":66.20183399999996,"failureMessages":[],"meta":{}},{"ancestorTitles":["SecureEncryptionService","Static Methods"],"fullName":"SecureEncryptionService Static Methods should generate secure random keys","status":"passed","title":"should generate secure random keys","duration":0.7047079999999823,"failureMessages":[],"meta":{}},{"ancestorTitles":["SecureEncryptionService","Static Methods"],"fullName":"SecureEncryptionService Static Methods should mask sensitive data correctly","status":"passed","title":"should mask sensitive data correctly","duration":0.16466700000000856,"failureMessages":[],"meta":{}},{"ancestorTitles":["SecureEncryptionService","Singleton Pattern"],"fullName":"SecureEncryptionService Singleton Pattern should return same instance","status":"passed","title":"should return same instance","duration":0.10520899999983158,"failureMessages":[],"meta":{}},{"ancestorTitles":["SecureEncryptionService","Performance"],"fullName":"SecureEncryptionService Performance should encrypt/decrypt within reasonable time","status":"passed","title":"should encrypt/decrypt within reasonable time","duration":526.026208,"failureMessages":[],"meta":{}}],"startTime":1749984573235,"endTime":1749984574080.0261,"status":"passed","message":"","name":"/Users/neo/Developer/mexc-sniper-bot/tests/unit/secure-encryption-service.test.ts"},{"assertionResults":[{"ancestorTitles":["TransactionLockService","Lock Acquisition"],"fullName":"TransactionLockService Lock Acquisition should acquire lock for new resource","status":"failed","title":"should acquire lock for new resource","duration":28.328125,"failureMessages":["SqliteError: foreign key mismatch - \"transaction_queue\" referencing \"transaction_locks\"\n    at Database.prepare (/Users/neo/Developer/mexc-sniper-bot/node_modules/better-sqlite3/lib/methods/wrappers.js:5:21)\n    at BetterSQLiteSession.prepareQuery (file:///Users/neo/Developer/mexc-sniper-bot/node_modules/src/better-sqlite3/session.ts:60:28)\n    at BetterSQLiteSession.prepareOneTimeQuery (file:///Users/neo/Developer/mexc-sniper-bot/node_modules/src/sqlite-core/session.ts:251:15)\n    at QueryPromise._prepare (file:///Users/neo/Developer/mexc-sniper-bot/node_modules/src/sqlite-core/query-builders/delete.ts:267:78)\n    at QueryPromise.execute (file:///Users/neo/Developer/mexc-sniper-bot/node_modules/src/sqlite-core/query-builders/delete.ts:301:15)\n    at QueryPromise.then (file:///Users/neo/Developer/mexc-sniper-bot/node_modules/src/query-promise.ts:31:15)\n    at processTicksAndRejections (node:internal/process/task_queues:105:5)","SqliteError: foreign key mismatch - \"transaction_queue\" referencing \"transaction_locks\"\n    at Database.prepare (/Users/neo/Developer/mexc-sniper-bot/node_modules/better-sqlite3/lib/methods/wrappers.js:5:21)\n    at BetterSQLiteSession.prepareQuery (file:///Users/neo/Developer/mexc-sniper-bot/node_modules/src/better-sqlite3/session.ts:60:28)\n    at BetterSQLiteSession.prepareOneTimeQuery (file:///Users/neo/Developer/mexc-sniper-bot/node_modules/src/sqlite-core/session.ts:251:15)\n    at QueryPromise._prepare (file:///Users/neo/Developer/mexc-sniper-bot/node_modules/src/sqlite-core/query-builders/delete.ts:267:78)\n    at QueryPromise.execute (file:///Users/neo/Developer/mexc-sniper-bot/node_modules/src/sqlite-core/query-builders/delete.ts:301:15)\n    at QueryPromise.then (file:///Users/neo/Developer/mexc-sniper-bot/node_modules/src/query-promise.ts:31:15)\n    at processTicksAndRejections (node:internal/process/task_queues:105:5)"],"meta":{}},{"ancestorTitles":["TransactionLockService","Lock Acquisition"],"fullName":"TransactionLockService Lock Acquisition should prevent duplicate trades with same idempotency key","status":"failed","title":"should prevent duplicate trades with same idempotency key","duration":0.4105419999998503,"failureMessages":["SqliteError: foreign key mismatch - \"transaction_queue\" referencing \"transaction_locks\"\n    at Database.prepare (/Users/neo/Developer/mexc-sniper-bot/node_modules/better-sqlite3/lib/methods/wrappers.js:5:21)\n    at BetterSQLiteSession.prepareQuery (file:///Users/neo/Developer/mexc-sniper-bot/node_modules/src/better-sqlite3/session.ts:60:28)\n    at BetterSQLiteSession.prepareOneTimeQuery (
[...]
rs/neo/Developer/mexc-sniper-bot/node_modules/better-sqlite3/lib/methods/wrappers.js:5:21)\n    at BetterSQLiteSession.prepareQuery (file:///Users/neo/Developer/mexc-sniper-bot/node_modules/src/better-sqlite3/session.ts:60:28)\n    at BetterSQLiteSession.prepareOneTimeQuery (file:///Users/neo/Developer/mexc-sniper-bot/node_modules/src/sqlite-core/session.ts:251:15)\n    at QueryPromise._prepare (file:///Users/neo/Developer/mexc-sniper-bot/node_modules/src/sqlite-core/query-builders/delete.ts:267:78)\n    at QueryPromise.execute (file:///Users/neo/Developer/mexc-sniper-bot/node_modules/src/sqlite-core/query-builders/delete.ts:301:15)\n    at QueryPromise.then (file:///Users/neo/Developer/mexc-sniper-bot/node_modules/src/query-promise.ts:31:15)\n    at processTicksAndRejections (node:internal/process/task_queues:105:5)"],"meta":{}},{"ancestorTitles":["TransactionLockService","Queue Management"],"fullName":"TransactionLockService Queue Management should process queue in priority order","status":"failed","title":"should process queue in priority order","duration":0.1947499999998854,"failureMessages":["SqliteError: foreign key mismatch - \"transaction_queue\" referencing \"transaction_locks\"\n    at Database.prepare (/Users/neo/Developer/mexc-sniper-bot/node_modules/better-sqlite3/lib/methods/wrappers.js:5:21)\n    at BetterSQLiteSession.prepareQuery (file:///Users/neo/Developer/mexc-sniper-bot/node_modules/src/better-sqlite3/session.ts:60:28)\n    at BetterSQLiteSession.prepareOneTimeQuery (file:///Users/neo/Developer/mexc-sniper-bot/node_modules/src/sqlite-core/session.ts:251:15)\n    at QueryPromise._prepare (file:///Users/neo/Developer/mexc-sniper-bot/node_modules/src/sqlite-core/query-builders/delete.ts:267:78)\n    at QueryPromise.execute (file:///Users/neo/Developer/mexc-sniper-bot/node_modules/src/sqlite-core/query-builders/delete.ts:301:15)\n    at QueryPromise.then (file:///Users/neo/Developer/mexc-sniper-bot/node_modules/src/query-promise.ts:31:15)\n    at processTicksAndRejections (node:internal/process/task_queues:105:5)","SqliteError: foreign key mismatch - \"transaction_queue\" referencing \"transaction_locks\"\n    at Database.prepare (/Users/neo/Developer/mexc-sniper-bot/node_modules/better-sqlite3/lib/methods/wrappers.js:5:21)\n    at BetterSQLiteSession.prepareQuery (file:///Users/neo/Developer/mexc-sniper-bot/node_modules/src/better-sqlite3/session.ts:60:28)\n    at BetterSQLiteSession.prepareOneTimeQuery (file:///Users/neo/Developer/mexc-sniper-bot/node_modules/src/sqlite-core/session.ts:251:15)\n    at QueryPromise._prepare (file:///Users/neo/Developer/mexc-sniper-bot/node_modules/src/sqlite-core/query-builders/delete.ts:267:78)\n    at QueryPromise.execute (file:///Users/neo/Developer/mexc-sniper-bot/node_modules/src/sqlite-core/query-builders/delete.ts:301:15)\n    at QueryPromise.then (file:///Users/neo/Developer/mexc-sniper-bot/node_modules/src/query-promise.ts:31:15)\n    at processTicksAndRejections (node:internal/process/task_queues:105:5)"],"meta":{}},{"ancestorTitles":["TransactionLockService","Cleanup Process"],"fullName":"TransactionLockService Cleanup Process should identify expired locks","status":"failed","title":"should identify expired locks","duration":0.19904199999996308,"failureMessages":["SqliteError: foreign key mismatch - \"transaction_queue\" referencing \"transaction_locks\"\n    at Database.prepare (/Users/neo/Developer/mexc-sniper-bot/node_modules/better-sqlite3/lib/methods/wrappers.js:5:21)\n    at BetterSQLiteSession.prepareQuery (file:///Users/neo/Developer/mexc-sniper-bot/node_modules/src/better-sqlite3/session.ts:60:28)\n    at BetterSQLiteSession.prepareOneTimeQuery (file:///Users/neo/Developer/mexc-sniper-bot/node_modules/src/sqlite-core/session.ts:251:15)\n    at QueryPromise._prepare (file:///Users/neo/Developer/mexc-sniper-bot/node_modules/src/sqlite-core/query-builders/delete.ts:267:78)\n    at QueryPromise.execute (file:///Users/neo/Developer/mexc-sniper-bot/node_modules/src/sqlite-core/query-builders/delete.ts:301:15)\n    at QueryPromise.then (file:///Users/neo/Developer/mexc-sniper-bot/node_modules/src/query-promise.ts:31:15)\n    at processTicksAndRejections (node:internal/process/task_queues:105:5)","SqliteError: foreign key mismatch - \"transaction_queue\" referencing \"transaction_locks\"\n    at Database.prepare (/Users/neo/Developer/mexc-sniper-bot/node_modules/better-sqlite3/lib/methods/wrappers.js:5:21)\n    at BetterSQLiteSession.prepareQuery (file:///Users/neo/Developer/mexc-sniper-bot/node_modules/src/better-sqlite3/session.ts:60:28)\n    at BetterSQLiteSession.prepareOneTimeQuery (file:///Users/neo/Developer/mexc-sniper-bot/node_modules/src/sqlite-core/session.ts:251:15)\n    at QueryPromise._prepare (file:///Users/neo/Developer/mexc-sniper-bot/node_modules/src/sqlite-core/query-builders/delete.ts:267:78)\n    at QueryPromise.execute (file:///Users/neo/Developer/mexc-sniper-bot/node_modules/src/sqlite-core/query-builders/delete.ts:301:15)\n    at QueryPromise.then (file:///Users/neo/Developer/mexc-sniper-bot/node_modules/src/query-promise.ts:31:15)\n    at processTicksAndRejections (node:internal/process/task_queues:105:5)"],"meta":{}}],"startTime":1749984572400,"endTime":1749984572431.2214,"status":"failed","message":"","name":"/Users/neo/Developer/mexc-sniper-bot/tests/unit/transaction-lock-service.test.ts"},{"assertionResults":[{"ancestorTitles":["Transactions Table","Transaction Creation"],"fullName":"Transactions Table Transaction Creation should create a buy transaction","status":"passed","title":"should create a buy transaction","duration":2.80499999999995,"failureMessages":[],"meta":{}},{"ancestorTitles":["Transactions Table","Transaction Creation"],"fullName":"Transactions Table Transaction Creation should create a sell transaction","status":"passed","title":"should create a sell transaction","duration":0.8540420000000495,"failureMessages":[],"meta":{}},{"ancestorTitles":["Transactions Table","Transaction Creation"],"fullName":"Transactions Table Transaction Creation should create a complete trade with profit/loss calculation","status":"passed","title":"should create a complete trade with profit/loss calculation","duration":0.6979579999999714,"failureMessages":[],"meta":{}},{"ancestorTitles":["Transactions Table","Transaction Creation"],"fullName":"Transactions Table Transaction Creation should create a loss transaction","status":"passed","title":"should create a loss transaction","duration":0.6393329999999651,"failureMessages":[],"meta":{}},{"ancestorTitles":["Transactions Table","Transaction Queries"],"fullName":"Transactions Table Transaction Queries should fetch user transactions ordered by time","status":"passed","title":"should fetch user transactions ordered by time","duration":2.8869580000000497,"failureMessages":[],"meta":{}},{"ancestorTitles":["Transactions Table","Transaction Queries"],"fullName":"Transactions Table Transaction Queries should calculate total profit/loss for user","status":"passed","title":"should calculate total profit/loss for user","duration":2.032583000000045,"failureMessages":[],"meta":{}},{"ancestorTitles":["Transactions Table","Transaction Queries"],"fullName":"Transactions Table Transaction Queries should filter profitable vs losing trades","status":"passed","title":"should filter profitable vs losing trades","duration":1.8896670000000313,"failureMessages":[],"meta":{}},{"ancestorTitles":["Transactions Table","Transaction Queries"],"fullName":"Transactions Table Transaction Queries should get transactions by symbol","status":"passed","title":"should get transactions by symbol","duration":1.5566250000000537,"failureMessages":[],"meta":{}},{"ancestorTitles":["Transactions Table","Transaction Status Management"],"fullName":"Transactions Table Transaction Status Management should default to pending status","status":"passed","title":"should default to pending status","duration":0.5175000000000409,"failureMessages":[],"meta":{}},{"ancestorTitles":["Transactions Table","Transaction Status Management"],"fullName":"Transactions Table Transaction Status Management should update transaction status","status":"passed","title":"should update transaction status","duration":1.7573750000000246,"failureMessages":[],"meta":{}},{"ancestorTitles":["Transactions Table","Data Validation"],"fullName":"Transactions Table Data Validation should require userId and transactionType","status":"passed","title":"should require userId and transactionType","duration":1.035415999999941,"failureMessages":[],"meta":{}},{"ancestorTitles":["Transactions Table","Data Validation"],"fullName":"Transactions Table Data Validation should handle null values for optional fields","status":"passed","title":"should handle null values for optional fields","duration":0.7833330000000842,"failureMessages":[],"meta":{}}],"startTime":1749984573326,"endTime":1749984573343.7834,"status":"passed","message":"","name":"/Users/neo/Developer/mexc-sniper-bot/tests/unit/transactions.test.ts"},{"assertionResults":[{"ancestorTitles":["/api/user-preferences","User preferences data structure"],"fullName":"/api/user-preferences User preferences data structure should validate default user preferences structure","status":"passed","title":"should validate default user preferences structure","duration":1.571042000000034,"failureMessages":[],"meta":{}},{"ancestorTitles":["/api/user-preferences","User preferences data structure"],"fullName":"/api/user-preferences User preferences data structure should validate take profit levels structure","status":"passed","title":"should validate take profit levels structure","duration":0.28491699999995035,"failureMessages":[],"meta":{}},{"ancestorTitles":["/api/user-preferences","User preferences data structure"],"fullName":"/api/user-preferences User preferences data structure should validate ready state pattern format","status":"passed","title":"should validate ready state pattern format","duration":0.5534169999999676,"failureMessages":[],"meta":{}},{"ancestorTitles":["/api/user-preferences","User preferences data structure"],"fullName":"/api/user-preferences User preferences data structure should validate risk tolerance options","status":"passed","title":"should validate risk tolerance options","duration":0.3464999999999918,"failureMessages":[],"meta":{}},{"ancestorTitles":["/api/user-preferences","User preferences data structure"],"fullName":"/api/user-preferences User preferences data structure should validate interval configuration","status":"passed","title":"should validate interval configuration","duration":0.1270000000000664,"failureMessages":[],"meta":{}},{"ancestorTitles":["/api/user-preferences","Request validation logic"],"fullName":"/api/user-preferences Request validation logic should validate required fields for user preferences","status":"passed","title":"should validate required fields for user preferences","duration":0.46816599999999653,"failureMessages":[],"meta":{}}],"startTime":1749984575366,"endTime":1749984575369.4683,"status":"passed","message":"","name":"/Users/neo/Developer/mexc-sniper-bot/tests/unit/user-preferences.test.ts"},{"assertionResults":[{"ancestorTitles":["Utils","cn function"],"fullName":"Utils cn function should merge class names correctly","status":"passed","title":"should merge class names correctly","duration":7.022833999999989,"failureMessages":[],"meta":{}},{"ancestorTitles":["Utils","cn function"],"fullName":"Utils cn function should handle conditional classes","status":"passed","title":"should handle conditional classes","duration":0.4532089999999016,"failureMessages":[],"meta":{}},{"ancestorTitles":["Utils","cn function"],"fullName":"Utils cn function should handle overlapping Tailwind classes","status":"passed","title":"should handle overlapping Tailwind classes","duration":0.46100000000001273,"failureMessages":[],"meta":{}},{"ancestorTitles":["Utils","cn function"],"fullName":"Utils cn function should handle empty inputs","status":"passed","title":"should handle empty inputs","duration":0.10966699999994489,"failureMessages":[],"meta":{}},{"ancestorTitles":["Utils","cn function"],"fullName":"Utils cn function should handle null and undefined inputs","status":"passed","title":"should handle null and undefined inputs","duration":0.1004169999999931,"failureMessages":[],"meta":{}},{"ancestorTitles":["Utils","cn function"],"fullName":"Utils cn function should handle object notation","status":"passed","title":"should handle object notation","duration":0.09933300000000145,"failureMessages":[],"meta":{}}],"startTime":1749984575379,"endTime":1749984575387.1096,"status":"passed","message":"","name":"/Users/neo/Developer/mexc-sniper-bot/tests/unit/utils.test.ts"},{"assertionResults":[{"ancestorTitles":["Project Verification Tests","Python Cleanup Verification"],"fullName":"Project Verification Tests Python Cleanup Verification should have no Python source files in src directory","status":"passed","title":"should have no Python source files in src directory","duration":8.749250000000075,"failureMessages":[],"meta":{}},{"ancestorTitles":["Project Verification Tests","Python Cleanup Verification"],"fullName":"Project Verification Tests Python Cleanup Verification should not have Python configuration files","status":"passed","title":"should not have Python configuration files","duration":0.9037909999999556,"failureMessages":[],"meta":{}},{"ancestorTitles":["Project Verification Tests","Python Cleanup Verification"],"fullName":"Project Verification Tests Python Cleanup Verification should not have Python API directory","status":"passed","title":"should not have Python API directory","duration":0.7911250000000791,"failureMessages":[],"meta":{}},{"ancestorTitles":["Project Verification Tests","TypeScript Implementation Verification"],"fullName":"Project Verification Tests TypeScript Implementation Verification should have all required TypeScript agent files","status":"passed","title":"should have all required TypeScript agent files","duration":0.2291250000000673,"failureMessages":[],"meta":{}},{"ancestorTitles":["Project Verification Tests","TypeScript Implementation Verification"],"fullName":"Project Verification Tests TypeScript Implementation Verification should have all API trigger routes","status":"passed","title":"should have all API trigger routes","duration":0.14254200000004857,"failureMessages":[],"meta":{}},{"ancestorTitles":["Project Verification Tests","TypeScript Implementation Verification"],"fullName":"Project Verification Tests TypeScript Implementation Verification should have database layer implemented","status":"passed","title":"should have database layer implemented","duration":0.10895899999991343,"failureMessages":[],"meta":{}},{"ancestorTitles":["Project Verification Tests","TypeScript Implementation Verification"],"fullName":"Project Verification Tests TypeScript Implementation Verification should have testing infrastructure","status":"passed","title":"should have testing infrastructure","duration":0.16300000000001091,"failureMessages":[],"meta":{}},{"ancestorTitles":["Project Verification Tests","Configuration Verification"],"fullName":"Project Verification Tests Configuration Verification should have clean package.json without Python dependencies","status":"passed","title":"should have clean package.json without Python dependencies","duration":0.39791700000000674,"failureMessages":[],"meta":{}},{"ancestorTitles":["Project Verification Tests","Configuration Verification"],"fullName":"Project Verification Tests Configuration Verification should have clean Next.js configuration","status":"passed","title":"should have clean Next.js configuration","duration":0.48062500000003183,"failureMessages":[],"meta":{}},{"ancestorTitles":["Project Verification Tests","Configuration Verification"],"fullName":"Project Verification Tests Configuration Verification should have proper TypeScript configuration","status":"passed","title":"should have proper TypeScript configuration","duration":0.21966599999996106,"failureMessages":[],"meta":{}},{"ancestorTitles":["Project Verification Tests","Documentation Verification"],"fullName":"Project Verification Tests Documentation Verification should have comprehensive documentation","status":"passed","title":"should have comprehensive documentation","duration":0.14374999999995453,"failureMessages":[],"meta":{}},{"ancestorTitles":["Project Verification Tests","Documentation Verification"],"fullName":"Project Verification Tests Documentation Verification should have implementation summary","status":"passed","title":"should have implementation summary","duration":0.06312500000001364,"failureMessages":[],"meta":{}},{"ancestorTitles":["Project Verification Tests","Documentation Verification"],"fullName":"Project Verification Tests Documentation Verification should have testing report","status":"passed","title":"should have testing report","duration":0.05245899999999892,"failureMessages":[],"meta":{}},{"ancestorTitles":["Project Verification Tests","System Integration Verification"],"fullName":"Project Verification Tests System Integration Verification should have proper environment variable structure","status":"passed","title":"should have proper environment variable structure","duration":0.27404200000000856,"failureMessages":[],"meta":{}},{"ancestorTitles":["Project Verification Tests","System Integration Verification"],"fullName":"Project Verification Tests System Integration Verification should have Vercel deployment configuration","status":"passed","title":"should have Vercel deployment configuration","duration":0.652667000000065,"failureMessages":[],"meta":{}},{"ancestorTitles":["Project Verification Tests","System Integration Verification"],"fullName":"Project Verification Tests System Integration Verification should have Inngest integration","status":"passed","title":"should have Inngest integration","duration":0.1360419999999749,"failureMessages":[],"meta":{}},{"ancestorTitles":["Project Verification Tests","Code Quality Verification"],"fullName":"Project Verification Tests Code Quality Verification should have linting configuration","status":"passed","title":"should have linting configuration","duration":0.06212500000003729,"failureMessages":[],"meta":{}},{"ancestorTitles":["Project Verification Tests","Code Quality Verification"],"fullName":"Project Verification Tests Code Quality Verification should have formatting and linting scripts","status":"passed","title":"should have formatting and linting scripts","duration":0.1332919999999831,"failureMessages":[],"meta":{}},{"ancestorTitles":["Project Verification Tests","Code Quality Verification"],"fullName":"Project Verification Tests Code Quality Verification should have proper project structure","status":"passed","title":"should have proper project structure","duration":0.1672079999999596,"failureMessages":[],"meta":{}}],"startTime":1749984574508,"endTime":1749984574522.1672,"status":"passed","message":"","name":"/Users/neo/Developer/mexc-sniper-bot/tests/unit/verification.test.ts"},{"assertionResults":[{"ancestorTitles":["/api/workflow-status"],"fullName":"/api/workflow-status should test workflow status service logic","status":"passed","title":"should test workflow status service logic","duration":1.1604580000000624,"failureMessages":[],"meta":{}},{"ancestorTitles":["/api/workflow-status"],"fullName":"/api/workflow-status should validate workflow metrics structure","status":"passed","title":"should validate workflow metrics structure","duration":0.18991600000003928,"failureMessages":[],"meta":{}},{"ancestorTitles":["/api/workflow-status"],"fullName":"/api/workflow-status should validate activity entry structure","status":"passed","title":"should validate activity entry structure","duration":0.7601669999999103,"failureMessages":[],"meta":{}}],"startTime":1749984575158,"endTime":1749984575160.7603,"status":"passed","message":"","name":"/Users/neo/Developer/mexc-sniper-bot/tests/unit/workflow-status.test.ts"}]}