{"numTotalTestSuites":529,"numPassedTestSuites":441,"numFailedTestSuites":88,"numPendingTestSuites":0,"numTotalTests":1208,"numPassedTests":1100,"numFailedTests":101,"numPendingTests":7,"numTodoTests":0,"snapshot":{"added":0,"failure":false,"filesAdded":0,"filesRemoved":0,"filesRemovedList":[],"filesUnmatched":0,"filesUpdated":0,"matched":0,"total":0,"unchecked":0,"uncheckedKeysByFile":[],"unmatched":0,"updated":0,"didUpdate":false},"startTime":1750534823548,"success":false,"testResults":[{"assertionResults":[{"ancestorTitles":["Base Agent Comprehensive Testing","Agent Initialization"],"fullName":"Base Agent Comprehensive Testing Agent Initialization should initialize with valid configuration","status":"passed","title":"should initialize with valid configuration","duration":1.202625000005355,"failureMessages":[],"meta":{}},{"ancestorTitles":["Base Agent Comprehensive Testing","Agent Initialization"],"fullName":"Base Agent Comprehensive Testing Agent Initialization should validate required configuration parameters","status":"passed","title":"should validate required configuration parameters","duration":0.23166700000001583,"failureMessages":[],"meta":{}},{"ancestorTitles":["Base Agent Comprehensive Testing","Agent Initialization"],"fullName":"Base Agent Comprehensive Testing Agent Initialization should apply default values for optional parameters","status":"passed","title":"should apply default values for optional parameters","duration":0.30154200000106357,"failureMessages":[],"meta":{}},{"ancestorTitles":["Base Agent Comprehensive Testing","AI Processing and Communication"],"fullName":"Base Agent Comprehensive Testing AI Processing and Communication should process AI requests successfully","status":"passed","title":"should process AI requests successfully","duration":101.65975000000617,"failureMessages":[],"meta":{}},{"ancestorTitles":["Base Agent Comprehensive Testing","AI Processing and Communication"],"fullName":"Base Agent Comprehensive Testing AI Processing and Communication should handle different message formats correctly","status":"passed","title":"should handle different message formats correctly","duration":304.13270800000464,"failureMessages":[],"meta":{}},{"ancestorTitles":["Base Agent Comprehensive Testing","AI Processing and Communication"],"fullName":"Base Agent Comprehensive Testing AI Processing and Communication should maintain conversation context across multiple calls","status":"passed","title":"should maintain conversation context across multiple calls","duration":206.39708399999654,"failureMessages":[],"meta":{}},{"ancestorTitles":["Base Agent Comprehensive Testing","Intelligent Caching System"],"fullName":"Base Agent Comprehensive Testing Intelligent Caching System should cache identical requests","status":"passed","title":"should cache identical requests","duration":102.31479200000467,"failureMessages":[],"meta":{}},{"ancestorTitles":["Base Agent Comprehensive Testing","Intelligent Caching System"],"fullName":"Base Agent Comprehensive Testing Intelligent Caching System should generate different cache keys for different requests","status":"passed","title":"should generate different cache keys for different requests","duration":203.9785419999971,"failureMessages":[],"meta":{}},{"ancestorTitles":["Base Agent Comprehensive Testing","Intelligent Caching System"],"fullName":"Base Agent Comprehensive Testing Intelligent Caching System should respect cache bypass options","status":"passed","title":"should respect cache bypass options","duration":210.09274999999616,"failureMessages":[],"meta":{}},{"ancestorTitles":["Base Agent Comprehensive Testing","Intelligent Caching System"],"fullName":"Base Agent Comprehensive Testing Intelligent Caching System should provide accurate cache statistics","status":"passed","title":"should provide accurate cache statistics","duration":407.2133329999924,"failureMessages":[],"meta":{}},{"ancestorTitles":["Base Agent Comprehensive Testing","Intelligent Caching System"],"fullName":"Base Agent Comprehensive Testing Intelligent Caching System should handle cache clearing","status":"passed","title":"should handle cache clearing","duration":0.3318330000038259,"failureMessages":[],"meta":{}},{"ancestorTitles":["Base Agent Comprehensive Testing","Error Handling and Recovery"],"fullName":"Base Agent Comprehensive Testing Error Handling and Recovery should handle malformed message arrays","status":"passed","title":"should handle malformed message arrays","duration":616.5032079999946,"failureMessages":[],"meta":{}},{"ancestorTitles":["Base Agent Comprehensive Testing","Error Handling and Recovery"],"fullName":"Base Agent Comprehensive Testing Error Handling and Recovery should handle API timeout scenarios","status":"passed","title":"should handle API timeout scenarios","duration":2004.2485829999932,"failureMessages":[],"meta":{}},{"ancestorTitles":["Base Agent Comprehensive Testing","Error Handling and Recovery"],"fullName":"Base Agent Comprehensive Testing Error Handling and Recovery should maintain stability under rapid successive calls","status":"passed","title":"should maintain stability under rapid successive calls","duration":115.39670799998567,"failureMessages":[],"meta":{}},{"ancestorTitles":["Base Agent Comprehensive Testing","Performance and Scalability"],"fullName":"Base Agent Comprehensive Testing Performance and Scalability should meet response time thresholds","status":"passed","title":"should meet response time thresholds","duration":1036.6555000000226,"failureMessages":[],"meta":{}},{"ancestorTitles":["Base Agent Comprehensive Testing","Performance and Scalability"],"fullName":"Base Agent Comprehensive Testing Performance and Scalability should handle memory efficiently under load","status":"passed","title":"should handle memory efficiently under load","duration":102.09387499999139,"failureMessages":[],"meta":{}},{"ancestorTitles":["Base Agent Comprehensive Testing","Performance and Scalability"],"fullName":"Base Agent Comprehensive Testing Performance and Scalability should optimize cache performance","status":"passed","title":"should optimize cache performance","duration":1016.3543749999953,"failureMessages":[],"meta":{}},{"ancestorTitles":["Base Agent Comprehensive Testing","Integration with Testing Framework"],"fullName":"Base Agent Comprehensive Testing Integration with Testing Framework should integrate with advanced testing framework","status":"passed","title":"should integrate with advanced testing framework","duration":1.4434579999942798,"failureMessages":[],"meta":{}},{"ancestorTitles":["Base Agent Comprehensive Testing","Integration with Testing Framework"],"fullName":"Base Agent Comprehensive Testing Integration with Testing Framework should provide comprehensive metrics","status":"passed","title":"should provide comprehensive metrics","duration":0.7037499999860302,"failureMessages":[],"meta":{}},{"ancestorTitles":["Base Agent Comprehensive Testing","Performance Metrics Reporting"],"fullName":"Base Agent Comprehensive Testing Performance Metrics Reporting should collect and report performance metrics","status":"passed","title":"should collect and report performance metrics","duration":0.7117080000170972,"failureMessages":[],"meta":{}}],"startTime":1750534950962,"endTime":1750534957394.7117,"status":"passed","message":"","name":"/Users/neo/Developer/mexc-sniper-bot/tests/agents/base-agent-comprehensive.test.ts"},{"assertionResults":[{"ancestorTitles":["Advanced Pattern Detection System","Ready State Pattern Detection (sts:2, st:2, tt:4)"],"fullName":"Advanced Pattern Detection System Ready State Pattern Detection (sts:2, st:2, tt:4) should detect perfect ready state pattern with high confidence","status":"passed","title":"should detect perfect ready state pattern with high confidence","duration":1.2315419999940787,"failureMessages":[],"meta":{}},{"ancestorTitles":["Advanced Pattern Detection System","Ready State Pattern Detection (sts:2, st:2, tt:4)"],"fullName":"Advanced Pattern Detection System Ready State Pattern Detection (sts:2, st:2, tt:4) should reject non-ready state patterns","status":"passed","title":"should reject non-ready state patterns","duration":0.20850000000791624,"failureMessages":[],"meta":{}},{"ancestorTitles":["Advanced Pattern Detection System","Ready State Pattern Detection (sts:2, st:2, tt:4)"],"fullName":"Advanced Pattern Detection System Ready State Pattern Detection (sts:2, st:2, tt:4) should adjust confidence based on market conditions","status":"passed","title":"should adjust confidence based on market conditions","duration":0.22791699998197146,"failureMessages":[],"meta":{}},{"ancestorTitles":["Advanced Pattern Detection System","3.5+ Hour Advance Detection"],"fullName":"Advanced Pattern Detection System 3.5+ Hour Advance Detection should detect pre-ready patterns for advance warning","status":"passed","title":"should detect pre-ready patterns for advance warning","duration":0.24074999999720603,"failureMessages":[],"meta":{}},{"ancestorTitles":["Advanced Pattern Detection System","3.5+ Hour Advance Detection"],"fullName":"Advanced Pattern Detection System 3.5+ Hour Advance Detection should provide accurate time estimates for pattern progression","status":"passed","title":"should provide accurate time estimates for pattern progression","duration":0.19025000001420267,"failureMessages":[],"meta":{}},{"ancestorTitles":["Advanced Pattern Detection System","Historical Pattern Analysis"],"fullName":"Advanced Pattern Detection System Historical Pattern Analysis should improve confidence with consistent historical data","status":"passed","title":"should improve confidence with consistent historical data","duration":0.27600000001257285,"failureMessages":[],"meta":{}},{"ancestorTitles":["Advanced Pattern Detection System","Historical Pattern Analysis"],"fullName":"Advanced Pattern Detection System Historical Pattern Analysis should detect inconsistent patterns and adjust risk levels","status":"passed","title":"should detect inconsistent patterns and adjust risk levels","duration":0.19524999998975545,"failureMessages":[],"meta":{}},{"ancestorTitles":["Advanced Pattern Detection System","Pattern Detection Performance"],"fullName":"Advanced Pattern Detection System Pattern Detection Performance should meet detection latency requirements","status":"passed","title":"should meet detection latency requirements","duration":0.46383299998706207,"failureMessages":[],"meta":{}},{"ancestorTitles":["Advanced Pattern Detection System","Pattern Detection Performance"],"fullName":"Advanced Pattern Detection System Pattern Detection Performance should handle concurrent pattern detection efficiently","status":"passed","title":"should handle concurrent pattern detection efficiently","duration":0.6943750000209548,"failureMessages":[],"meta":{}},{"ancestorTitles":["Advanced Pattern Detection System","False Positive Prevention"],"fullName":"Advanced Pattern Detection System False Positive Prevention should identify high false positive risk scenarios","status":"passed","title":"should identify high false positive risk scenarios","duration":0.20449999999254942,"failureMessages":[],"meta":{}},{"ancestorTitles":["Advanced Pattern Detection System","False Positive Prevention"],"fullName":"Advanced Pattern Detection System False Positive Prevention should maintain low false positive risk in optimal conditions","status":"passed","title":"should maintain low false positive risk in optimal conditions","duration":0.16054100001929328,"failureMessages":[],"meta":{}},{"ancestorTitles":["Advanced Pattern Detection System","Testing Framework Integration"],"fullName":"Advanced Pattern Detection System Testing Framework Integration should integrate with advanced testing framework for pattern detection","status":"passed","title":"should integrate with advanced testing framework for pattern detection","duration":0.22891700000036508,"failureMessages":[],"meta":{}},{"ancestorTitles":["Advanced Pattern Detection System","Pattern Detection Performance Metrics"],"fullName":"Advanced Pattern Detection System Pattern Detection Performance Metrics should collect and validate performance metrics","status":"passed","title":"should collect and validate performance metrics","duration":0.23095800000010058,"failureMessages":[],"meta":{}}],"startTime":1750534978091,"endTime":1750534978095.231,"status":"passed","message":"","name":"/Users/neo/Developer/mexc-sniper-bot/tests/agents/pattern-detection-advanced.test.ts"},{"assertionResults":[{"ancestorTitles":["Auto Sniping Core Functionality","Auto Sniping Trigger Detection"],"fullName":"Auto Sniping Core Functionality Auto Sniping Trigger Detection should detect ready state pattern and trigger auto snipe","status":"passed","title":"should detect ready state pattern and trigger auto snipe","duration":4.798875000007683,"failureMessages":[],"meta":{}},{"ancestorTitles":["Auto Sniping Core Functionality","Auto Sniping Trigger Detection"],"fullName":"Auto Sniping Core Functionality Auto Sniping Trigger Detection should detect advance launch opportunity and schedule snipe","status":"passed","title":"should detect advance launch opportunity and schedule snipe","duration":1.874374999999418,"failureMessages":[],"meta":{}},{"ancestorTitles":["Auto Sniping Core Functionality","Auto Sniping Trigger Detection"],"fullName":"Auto Sniping Core Functionality Auto Sniping Trigger Detection should reject patterns below confidence threshold","status":"passed","title":"should reject patterns below confidence threshold","duration":0.9808340000017779,"failureMessages":[],"meta":{}},{"ancestorTitles":["Auto Sniping Core Functionality","Entry Point Calculation"],"fullName":"Auto Sniping Core Functionality Entry Point Calculation should calculate optimal entry price for new listing","status":"passed","title":"should calculate optimal entry price for new listing","duration":1.0189589999936288,"failureMessages":[],"meta":{}},{"ancestorTitles":["Auto Sniping Core Functionality","Entry Point Calculation"],"fullName":"Auto Sniping Core Functionality Entry Point Calculation should adjust entry strategy based on market volatility","status":"passed","title":"should adjust entry strategy based on market volatility","duration":1.0119169999961741,"failureMessages":[],"meta":{}},{"ancestorTitles":["Auto Sniping Core Functionality","Entry Point Calculation"],"fullName":"Auto Sniping Core Functionality Entry Point Calculation should handle insufficient liquidity scenarios","status":"failed","title":"should handle insufficient liquidity scenarios","duration":4.362374999996973,"failureMessages":["AssertionError: expected 55 to be less than 50\n    at /Users/neo/Developer/mexc-sniper-bot/tests/auto-sniping/auto-sniping-core.test.ts:301:40\n    at file:///Users/neo/Developer/mexc-sniper-bot/node_modules/@vitest/runner/dist/chunk-hooks.js:155:11\n    at file:///Users/neo/Developer/mexc-sniper-bot/node_modules/@vitest/runner/dist/chunk-hooks.js:752:26\n    at file:///Users/neo/Developer/mexc-sniper-bot/node_modules/@vitest/runner/dist/chunk-hooks.js:1894:20\n    at new Promise (<anonymous>)\n    at runWithTimeout (file:///Users/neo/Developer/mexc-sniper-bot/node_modules/@vitest/runner/dist/chunk-hooks.js:1860:10)\n    at runTest (file:///Users/neo/Developer/mexc-sniper-bot/node_modules/@vitest/runner/dist/chunk-hooks.js:1571:12)\n    at runSuite (file:///Users/neo/Developer/mexc-sniper-bot/node_modules/@vitest/runner/dist/chunk-hooks.js:1726:8)\n    at runSuite (file:///Users/neo/Developer/mexc-sniper-bot/node_modules/@vitest/runner/dist/chunk-hooks.js:1726:8)\n    at runSuite (file:///Users/neo/Developer/mexc-sniper-bot/node_modules/@vitest/runner/dist/chunk-hooks.js:1726:8)"],"meta":{}},{"ancestorTitles":["Auto Sniping Core Functionality","Position Sizing and Risk Management"],"fullName":"Auto Sniping Core Functionality Position Sizing and Risk Management should enforce maximum position size limits","status":"failed","title":"should enforce maximum position size limits","duration":2.6426659999997355,"failureMessages":["AssertionError: expected [ …(2) ] to include 'position_capped'\n    at Proxy.<anonymous> (file:///Users/neo/Developer/mexc-sniper-bot/node_modules/@vitest/expect/dist/index.js:1182:15)\n    at Proxy.<anonymous> (file:///Users/neo/Developer/mexc-sniper-bot/node_modules/@vitest/expect/dist/index.js:1022:14)\n    at Proxy.methodWrapper (file:///Users/neo/Developer/mexc-sniper-bot/node_modules/chai/chai.js:1618:25)\n    at /Users/neo/Developer/mexc-sniper-bot/tests/auto-sniping/auto-sniping-core.test.ts:322:41\n    at file:///Users/neo/Developer/mexc-sniper-bot/node_modules/@vitest/runner/dist/chunk-hooks.js:752:20"],"meta":{}},{"ancestorTitles":["Auto Sniping Core Functionality","Position Sizing and Risk Management"],"fullName":"Auto Sniping Core Functionality Position Sizing and Risk Management should reject positions exceeding portfolio risk limits","status":"failed","title":"should reject positions exceeding portfolio risk limits","duration":3.1126249999942956,"failureMessages":["AssertionError: expected true to be false // Object.is equality\n    at /Users/neo/Developer/mexc-sniper-bot/tests/auto-sniping/auto-sniping-core.test.ts:341:33\n    at file:///Users/neo/Developer/mexc-sniper-bot/node_modules/@vitest/runner/dist/chunk-hooks.js:752:20"],"meta":{}},{"ancestorTitles":["Auto Sniping Core Functionality","Position Sizing and Risk Management"],"fullName":"Auto Sniping Core Functionality Position Sizing and Risk Management should implement emergency stop when risk thresholds exceeded","status":"failed","title":"should implement emergency stop when risk thresholds exceeded","duration":2.7382499999948777,"failureMessages":["AssertionError: expected false to be true // Object.is equality\n    at /Users/neo/Developer/mexc-sniper-bot/tests/auto-sniping/auto-sniping-core.test.ts:377:34\n    at file:///Users/neo/Developer/mexc-sniper-bot/node_modules/@vitest/runner/dist/chunk-hooks.js:752:20"],"meta":{}},{"ancestorTitles":["Auto Sniping Core Functionality","Trade Execution Logic"],"fullName":"Auto Sniping Core Functionality Trade Execution Logic should execute multi-phase sell strategy on price targets","status":"failed","title":"should execute multi-phase sell strategy on price targets","duration":1.6315409999951953,"failureMessages":["AssertionError: expected [] to have a length of 1 but got +0\n    at Proxy.<anonymous> (file:///Users/neo/Developer/mexc-sniper-bot/node_modules/@vitest/expect/dist/index.js:1248:20)\n    at Proxy.<anonymous> (file:///Users/neo/Developer/mexc-sniper-bot/node_modules/@vitest/expect/dist/index.js:1022:14)\n    at Proxy.methodWrapper (file:///Users/neo/Developer/mexc-sniper-bot/node_modules/chai/chai.js:1618:25)\n    at /Users/neo/Developer/mexc-sniper-bot/tests/auto-sniping/auto-sniping-core.test.ts:395:39\n    at file:///Users/neo/Developer/mexc-sniper-bot/node_modules/@vitest/runner/dist/chunk-hooks.js:155:11\n    at file:///Users/neo/Developer/mexc-sniper-bot/node_modules/@vitest/runner/dist/chunk-hooks.js:752:26\n    at file:///Users/neo/Developer/mexc-sniper-bot/node_modules/@vitest/runner/dist/chunk-hooks.js:1894:20\n    at new Promise (<anonymous>)\n    at runWithTimeout (file:///Users/neo/Developer/mexc-sniper-bot/node_modules/@vitest/runner/dist/chunk-hooks.js:1860:10)\n    at runTest (file:///Users/neo/Developer/mexc-sniper-bot/node_modules/@vitest/runner/dist/chunk-hooks.js:1571:12)"],"meta":{}},{"ancestorTitles":["Auto Sniping Core Functionality","Trade Execution Logic"],"fullName":"Auto Sniping Core Functionality Trade Execution Logic should handle partial fills and continue strategy","status":"failed","title":"should handle partial fills and continue strategy","duration":1.7323340000002645,"failureMessages":["AssertionError: expected 'pending' to be 'completed' // Object.is equality\n    at /Users/neo/Developer/mexc-sniper-bot/tests/auto-sniping/auto-sniping-core.test.ts:426:50\n    at file:///Users/neo/Developer/mexc-sniper-bot/node_modules/@vitest/runner/dist/chunk-hooks.js:752:20"],"meta":{}},{"ancestorTitles":["Auto Sniping Core Functionality","Trade Execution Logic"],"fullName":"Auto Sniping Core Functionality Trade Execution Logic should implement stop loss when price drops below threshold","status":"passed","title":"should implement stop loss when price drops below threshold","duration":0.744250000003376,"failureMessages":[],"meta":{}},{"ancestorTitles":["Auto Sniping Core Functionality","Error Recovery and Resilience"],"fullName":"Auto Sniping Core Functionality Error Recovery and Resilience should recover from MEXC API failures","status":"failed","title":"should recover from MEXC API failures","duration":1005.2312079999974,"failureMessages":["AssertionError: expected +0 to be 3 // Object.is equality\n    at /Users/neo/Developer/mexc-sniper-bot/tests/auto-sniping/auto-sniping-core.test.ts:479:25\n    at file:///Users/neo/Developer/mexc-sniper-bot/node_modules/@vitest/runner/dist/chunk-hooks.js:752:20"],"meta":{}},{"ancestorTitles":["Auto Sniping Core Functionality","Error Recovery and Resilience"],"fullName":"Auto Sniping Core Functionality Error Recovery and Resilience should handle circuit breaker activation","status":"passed","title":"should handle circuit breaker activation","duration":6.9343340000050375,"failureMessages":[],"meta":{}},{"ancestorTitles":["Auto Sniping Core Functionality","Error Recovery and Resilience"],"fullName":"Auto Sniping Core Functionality Error Recovery and Resilience should maintain data consistency during system failures","status":"failed","title":"should maintain data consistency during system failures","duration":3.6245419999904698,"failureMessages":["Error: persistTradeData does not exist\n    at assert (file:///Users/neo/Developer/mexc-sniper-bot/node_modules/tinyspy/dist/index.js:4:11)\n    at Module.internalSpyOn (file:///Users/neo/Developer/mexc-sniper-bot/node_modules/tinyspy/dist/index.js:121:3)\n    at Object.spyOn (file:///Users/neo/Developer/mexc-sniper-bot/node_modules/@vitest/spy/dist/index.js:20:23)\n    at /Users/neo/Developer/mexc-sniper-bot/tests/auto-sniping/auto-sniping-core.test.ts:511:10\n    at file:///Users/neo/Developer/mexc-sniper-bot/node_modules/@vitest/runner/dist/chunk-hooks.js:155:11\n    at file:///Users/neo/Developer/mexc-sniper-bot/node_modules/@vitest/runner/dist/chunk-hooks.js:752:26\n    at file:///Users/neo/Developer/mexc-sniper-bot/node_modules/@vitest/runner/dist/chunk-hooks.js:1894:20\n    at new Promise (<anonymous>)\n    at runWithTimeout (file:///Users/neo/Developer/mexc-sniper-bot/node_modules/@vitest/runner/dist/chunk-hooks.js:1860:10)\n    at runTest (file:///Users/neo/Developer/mexc-sniper-bot/node_modules/@vitest/runner/dist/chunk-hooks.js:1571:12)"],"meta":{}},{"ancestorTitles":["Auto Sniping Core Functionality","Performance and Scalability"],"fullName":"Auto Sniping Core Functionality Performance and Scalability should handle high-frequency price updates efficiently","status":"failed","title":"should handle high-frequency price updates efficiently","duration":7.416540999998688,"failureMessages":["AssertionError: expected 0 to be greater than 900\n    at /Users/neo/Developer/mexc-sniper-bot/tests/auto-sniping/auto-sniping-core.test.ts:542:69\n    at file:///Users/neo/Developer/mexc-sniper-bot/node_modules/@vitest/runner/dist/chunk-hooks.js:155:11\n    at file:///Users/neo/Developer/mexc-sniper-bot/node_modules/@vitest/runner/dist/chunk-hooks.js:752:26\n    at file:///Users/neo/Developer/mexc-sniper-bot/node_modules/@vitest/runner/dist/chunk-hooks.js:1894:20\n    at new Promise (<anonymous>)\n    at runWithTimeout (file:///Users/neo/Developer/mexc-sniper-bot/node_modules/@vitest/runner/dist/chunk-hooks.js:1860:10)\n    at runTest (file:///Users/neo/Developer/mexc-sniper-bot/node_modules/@vitest/runner/dist/chunk-hooks.js:1571:12)\n    at runSuite (file:///Users/neo/Developer/mexc-sniper-bot/node_modules/@vitest/runner/dist/chunk-hooks.js:1726:8)\n    at runSuite (file:///Users/neo/Developer/mexc-sniper-bot/node_modules/@vitest/runner/dist/chunk-hooks.js:1726:8)\n    at runSuite (file:///Users/neo/Developer/mexc-sniper-bot/node_modules/@vitest/runner/dist/chunk-hooks.js:1726:8)"],"meta":{}},{"ancestorTitles":["Auto Sniping Core Functionality","Performance and Scalability"],"fullName":"Auto Sniping Core Functionality Performance and Scalability should manage memory usage during extended operation","status":"passed","title":"should manage memory usage during extended operation","duration":6.48583299999882,"failureMessages":[],"meta":{}},{"ancestorTitles":["Auto Sniping Core Functionality","Integration with Safety Systems"],"fullName":"Auto Sniping Core Functionality Integration with Safety Systems should coordinate with comprehensive safety systems","status":"failed","title":"should coordinate with comprehensive safety systems","duration":1.3673339999950258,"failureMessages":["AssertionError: expected [] to include 'high_volatility'\n    at Proxy.<anonymous> (file:///Users/neo/Developer/mexc-sniper-bot/node_modules/@vitest/expect/dist/index.js:1182:15)\n    at Proxy.<anonymous> (file:///Users/neo/Developer/mexc-sniper-bot/node_modules/@vitest/expect/dist/index.js:1022:14)\n    at Proxy.methodWrapper (file:///Users/neo/Developer/mexc-sniper-bot/node_modules/chai/chai.js:1618:25)\n    at /Users/neo/Developer/mexc-sniper-bot/tests/auto-sniping/auto-sniping-core.test.ts:607:28\n    at file:///Users/neo/Developer/mexc-sniper-bot/node_modules/@vitest/runner/dist/chunk-hooks.js:752:20"],"meta":{}}],"startTime":1750534935380,"endTime":1750534936438.3674,"status":"failed","message":"","name":"/Users/neo/Developer/mexc-sniper-bot/tests/auto-sniping/auto-sniping-core.test.ts"},{"assertionResults":[{"ancestorTitles":["Market Simulation Edge Cases","Flash Crash Scenarios"],"fullName":"Market Simulation Edge Cases Flash Crash Scenarios should handle 20% flash crash with emergency protocols","status":"failed","title":"should handle 20% flash crash with emergency protocols","duration":9.790791999999783,"failureMessages":["AssertionError: expected false to be true // Object.is equality\n    at /Users/neo/Developer/mexc-sniper-bot/tests/auto-sniping/market-simulation-edge-cases.test.ts:240:34\n    at file:///Users/neo/Developer/mexc-sniper-bot/node_modules/@vitest/runner/dist/chunk-hooks.js:752:20"],"meta":{}},{"ancestorTitles":["Market Simulation Edge Cases","Flash Crash Scenarios"],"fullName":"Market Simulation Edge Cases Flash Crash Scenarios should prevent entry during extreme volatility conditions","status":"failed","title":"should prevent entry during extreme volatility conditions","duration":1.3221669999911683,"failureMessages":["AssertionError: expected 95 to be less than 80\n    at /Users/neo/Developer/mexc-sniper-bot/tests/auto-sniping/market-simulation-edge-cases.test.ts:277:48\n    at file:///Users/neo/Developer/mexc-sniper-bot/node_modules/@vitest/runner/dist/chunk-hooks.js:752:20"],"meta":{}},{"ancestorTitles":["Market Simulation Edge Cases","Pump and Dump Detection"],"fullName":"Market Simulation Edge Cases Pump and Dump Detection should detect and respond to pump and dump patterns","status":"failed","title":"should detect and respond to pump and dump patterns","duration":1.786707999999635,"failureMessages":["AssertionError: expected [] to include 'pump_detected'\n    at Proxy.<anonymous> (file:///Users/neo/Developer/mexc-sniper-bot/node_modules/@vitest/expect/dist/index.js:1182:15)\n    at Proxy.<anonymous> (file:///Users/neo/Developer/mexc-sniper-bot/node_modules/@vitest/expect/dist/index.js:1022:14)\n    at Proxy.methodWrapper (file:///Users/neo/Developer/mexc-sniper-bot/node_modules/chai/chai.js:1618:25)\n    at /Users/neo/Developer/mexc-sniper-bot/tests/auto-sniping/market-simulation-edge-cases.test.ts:314:30\n    at file:///Users/neo/Developer/mexc-sniper-bot/node_modules/@vitest/runner/dist/chunk-hooks.js:752:20"],"meta":{}},{"ancestorTitles":["Market Simulation Edge Cases","Pump and Dump Detection"],"fullName":"Market Simulation Edge Cases Pump and Dump Detection should handle coordinated manipulation attempts","status":"failed","title":"should handle coordinated manipulation attempts","duration":0.4575420000037411,"failureMessages":["AssertionError: expected 0.7999999999999999 to be greater than 0.8\n    at /Users/neo/Developer/mexc-sniper-bot/tests/auto-sniping/market-simulation-edge-cases.test.ts:352:52\n    at file:///Users/neo/Developer/mexc-sniper-bot/node_modules/@vitest/runner/dist/chunk-hooks.js:752:20"],"meta":{}},{"ancestorTitles":["Market Simulation Edge Cases","Network and Connectivity Issues"],"fullName":"Market Simulation Edge Cases Network and Connectivity Issues should handle intermittent network connectivity","status":"failed","title":"should handle intermittent network connectivity","duration":1012.3417909999989,"failureMessages":["AssertionError: expected 0 to be greater than 10\n    at /Users/neo/Developer/mexc-sniper-bot/tests/auto-sniping/market-simulation-edge-cases.test.ts:404:34\n    at file:///Users/neo/Developer/mexc-sniper-bot/node_modules/@vitest/runner/dist/chunk-hooks.js:752:20"],"meta":{}},{"ancestorTitles":["Market Simulation Edge Cases","Network and Connectivity Issues"],"fullName":"Market Simulation Edge Cases Network and Connectivity Issues should maintain order integrity during latency spikes","status":"failed","title":"should maintain order integrity during latency spikes","duration":1.2038339999999152,"failureMessages":["AssertionError: expected 0 to be greater than 0\n    at /Users/neo/Developer/mexc-sniper-bot/tests/auto-sniping/market-simulation-edge-cases.test.ts:447:36\n    at file:///Users/neo/Developer/mexc-sniper-bot/node_modules/@vitest/runner/dist/chunk-hooks.js:155:11\n    at file:///Users/neo/Developer/mexc-sniper-bot/node_modules/@vitest/runner/dist/chunk-hooks.js:752:26\n    at file:///Users/neo/Developer/mexc-sniper-bot/node_modules/@vitest/runner/dist/chunk-hooks.js:1894:20\n    at new Promise (<anonymous>)\n    at runWithTimeout (file:///Users/neo/Developer/mexc-sniper-bot/node_modules/@vitest/runner/dist/chunk-hooks.js:1860:10)\n    at runTest (file:///Users/neo/Developer/mexc-sniper-bot/node_modules/@vitest/runner/dist/chunk-hooks.js:1571:12)\n    at runSuite (file:///Users/neo/Developer/mexc-sniper-bot/node_modules/@vitest/runner/dist/chunk-hooks.js:1726:8)\n    at runSuite (file:///Users/neo/Developer/mexc-sniper-bot/node_modules/@vitest/runner/dist/chunk-hooks.js:1726:8)\n    at runSuite (file:///Users/neo/Developer/mexc-sniper-bot/node_modules/@vitest/runner/dist/chunk-hooks.js:1726:8)"],"meta":{}},{"ancestorTitles":["Market Simulation Edge Cases","Exchange-Specific Quirks"],"fullName":"Market Simulation Edge Cases Exchange-Specific Quirks should handle MEXC minimum order size requirements","status":"failed","title":"should handle MEXC minimum order size requirements","duration":0.7290420000063023,"failureMessages":["Error: getSymbolInfo does not exist\n    at assert (file:///Users/neo/Developer/mexc-sniper-bot/node_modules/tinyspy/dist/index.js:4:11)\n    at Module.internalSpyOn (file:///Users/neo/Developer/mexc-sniper-bot/node_modules/tinyspy/dist/index.js:121:3)\n    at Object.spyOn (file:///Users/neo/Developer/mexc-sniper-bot/node_modules/@vitest/spy/dist/index.js:20:23)\n    at /Users/neo/Developer/mexc-sniper-bot/tests/auto-sniping/market-simulation-edge-cases.test.ts:466:10\n    at file:///Users/neo/Developer/mexc-sniper-bot/node_modules/@vitest/runner/dist/chunk-hooks.js:155:11\n    at file:///Users/neo/Developer/mexc-sniper-bot/node_modules/@vitest/runner/dist/chunk-hooks.js:752:26\n    at file:///Users/neo/Developer/mexc-sniper-bot/node_modules/@vitest/runner/dist/chunk-hooks.js:1894:20\n    at new Promise (<anonymous>)\n    at runWithTimeout (file:///Users/neo/Developer/mexc-sniper-bot/node_modules/@vitest/runner/dist/chunk-hooks.js:1860:10)\n    at runTest (file:///Users/neo/Developer/mexc-sniper-bot/node_modules/@vitest/runner/dist/chunk-hooks.js:1571:12)"],"meta":{}},{"ancestorTitles":["Market Simulation Edge Cases","Exchange-Specific Quirks"],"fullName":"Market Simulation Edge Cases Exchange-Specific Quirks should handle MEXC trading pair status changes","status":"failed","title":"should handle MEXC trading pair status changes","duration":0.6829580000048736,"failureMessages":["Error: getSymbolStatus does not exist\n    at assert (file:///Users/neo/Developer/mexc-sniper-bot/node_modules/tinyspy/dist/index.js:4:11)\n    at Module.internalSpyOn (file:///Users/neo/Developer/mexc-sniper-bot/node_modules/tinyspy/dist/index.js:121:3)\n    at Object.spyOn (file:///Users/neo/Developer/mexc-sniper-bot/node_modules/@vitest/spy/dist/index.js:20:23)\n    at /Users/neo/Developer/mexc-sniper-bot/tests/auto-sniping/market-simulation-edge-cases.test.ts:502:10\n    at file:///Users/neo/Developer/mexc-sniper-bot/node_modules/@vitest/runner/dist/chunk-hooks.js:155:11\n    at file:///Users/neo/Developer/mexc-sniper-bot/node_modules/@vitest/runner/dist/chunk-hooks.js:752:26\n    at file:///Users/neo/Developer/mexc-sniper-bot/node_modules/@vitest/runner/dist/chunk-hooks.js:1894:20\n    at new Promise (<anonymous>)\n    at runWithTimeout (file:///Users/neo/Developer/mexc-sniper-bot/node_modules/@vitest/runner/dist/chunk-hooks.js:1860:10)\n    at runTest (file:///Users/neo/Developer/mexc-sniper-bot/node_modules/@vitest/runner/dist/chunk-hooks.js:1571:12)"],"meta":{}},{"ancestorTitles":["Market Simulation Edge Cases","Extreme Market Conditions"],"fullName":"Market Simulation Edge Cases Extreme Market Conditions should handle zero liquidity scenarios","status":"failed","title":"should handle zero liquidity scenarios","duration":0.467583999998169,"failureMessages":["Error: getOrderBookDepth does not exist\n    at assert (file:///Users/neo/Developer/mexc-sniper-bot/node_modules/tinyspy/dist/index.js:4:11)\n    at Module.internalSpyOn (file:///Users/neo/Developer/mexc-sniper-bot/node_modules/tinyspy/dist/index.js:121:3)\n    at Object.spyOn (file:///Users/neo/Developer/mexc-sniper-bot/node_modules/@vitest/spy/dist/index.js:20:23)\n    at /Users/neo/Developer/mexc-sniper-bot/tests/auto-sniping/market-simulation-edge-cases.test.ts:542:10\n    at file:///Users/neo/Developer/mexc-sniper-bot/node_modules/@vitest/runner/dist/chunk-hooks.js:155:11\n    at file:///Users/neo/Developer/mexc-sniper-bot/node_modules/@vitest/runner/dist/chunk-hooks.js:752:26\n    at file:///Users/neo/Developer/mexc-sniper-bot/node_modules/@vitest/runner/dist/chunk-hooks.js:1894:20\n    at new Promise (<anonymous>)\n    at runWithTimeout (file:///Users/neo/Developer/mexc-sniper-bot/node_modules/@vitest/runner/dist/chunk-hooks.js:1860:10)\n    at runTest (file:///Users/neo/Developer/mexc-sniper-bot/node_modules/@vitest/runner/dist/chunk-hooks.js:1571:12)"],"meta":{}},{"ancestorTitles":["Market Simulation Edge Cases","Extreme Market Conditions"],"fullName":"Market Simulation Edge Cases Extreme Market Conditions should handle extreme price gaps","status":"failed","title":"should handle extreme price gaps","duration":0.5047920000070008,"failureMessages":["Error: detectPriceGap does not exist\n    at assert (file:///Users/neo/Developer/mexc-sniper-bot/node_modules/tinyspy/dist/index.js:4:11)\n    at Module.internalSpyOn (file:///Users/neo/Developer/mexc-sniper-bot/node_modules/tinyspy/dist/index.js:121:3)\n    at Object.spyOn (file:///Users/neo/Developer/mexc-sniper-bot/node_modules/@vitest/spy/dist/index.js:20:23)\n    at /Users/neo/Developer/mexc-sniper-bot/tests/auto-sniping/market-simulation-edge-cases.test.ts:582:10\n    at file:///Users/neo/Developer/mexc-sniper-bot/node_modules/@vitest/runner/dist/chunk-hooks.js:155:11\n    at file:///Users/neo/Developer/mexc-sniper-bot/node_modules/@vitest/runner/dist/chunk-hooks.js:752:26\n    at file:///Users/neo/Developer/mexc-sniper-bot/node_modules/@vitest/runner/dist/chunk-hooks.js:1894:20\n    at new Promise (<anonymous>)\n    at runWithTimeout (file:///Users/neo/Developer/mexc-sniper-bot/node_modules/@vitest/runner/dist/chunk-hooks.js:1860:10)\n    at runTest (file:///Users/neo/Developer/mexc-sniper-bot/node_modules/@vitest/runner/dist/chunk-hooks.js:1571:12)"],"meta":{}},{"ancestorTitles":["Market Simulation Edge Cases","Extreme Market Conditions"],"fullName":"Market Simulation Edge Cases Extreme Market Conditions should handle market maker absence","status":"failed","title":"should handle market maker absence","duration":0.2948750000068685,"failureMessages":["Error: getOrderBookDepth does not exist\n    at assert (file:///Users/neo/Developer/mexc-sniper-bot/node_modules/tinyspy/dist/index.js:4:11)\n    at Module.internalSpyOn (file:///Users/neo/Developer/mexc-sniper-bot/node_modules/tinyspy/dist/index.js:121:3)\n    at Object.spyOn (file:///Users/neo/Developer/mexc-sniper-bot/node_modules/@vitest/spy/dist/index.js:20:23)\n    at /Users/neo/Developer/mexc-sniper-bot/tests/auto-sniping/market-simulation-edge-cases.test.ts:611:10\n    at file:///Users/neo/Developer/mexc-sniper-bot/node_modules/@vitest/runner/dist/chunk-hooks.js:155:11\n    at file:///Users/neo/Developer/mexc-sniper-bot/node_modules/@vitest/runner/dist/chunk-hooks.js:752:26\n    at file:///Users/neo/Developer/mexc-sniper-bot/node_modules/@vitest/runner/dist/chunk-hooks.js:1894:20\n    at new Promise (<anonymous>)\n    at runWithTimeout (file:///Users/neo/Developer/mexc-sniper-bot/node_modules/@vitest/runner/dist/chunk-hooks.js:1860:10)\n    at runTest (file:///Users/neo/Developer/mexc-sniper-bot/node_modules/@vitest/runner/dist/chunk-hooks.js:1571:12)"],"meta":{}},{"ancestorTitles":["Market Simulation Edge Cases","System Recovery and Resilience"],"fullName":"Market Simulation Edge Cases System Recovery and Resilience should recover gracefully from multiple system failures","status":"passed","title":"should recover gracefully from multiple system failures","duration":0.5180419999960577,"failureMessages":[],"meta":{}},{"ancestorTitles":["Market Simulation Edge Cases","System Recovery and Resilience"],"fullName":"Market Simulation Edge Cases System Recovery and Resilience should maintain trading continuity during partial degradation","status":"failed","title":"should maintain trading continuity during partial degradation","duration":0.7016250000015134,"failureMessages":["AssertionError: expected 0 to be greater than 0\n    at /Users/neo/Developer/mexc-sniper-bot/tests/auto-sniping/market-simulation-edge-cases.test.ts:716:38\n    at file:///Users/neo/Developer/mexc-sniper-bot/node_modules/@vitest/runner/dist/chunk-hooks.js:155:11\n    at file:///Users/neo/Developer/mexc-sniper-bot/node_modules/@vitest/runner/dist/chunk-hooks.js:752:26\n    at file:///Users/neo/Developer/mexc-sniper-bot/node_modules/@vitest/runner/dist/chunk-hooks.js:1894:20\n    at new Promise (<anonymous>)\n    at runWithTimeout (file:///Users/neo/Developer/mexc-sniper-bot/node_modules/@vitest/runner/dist/chunk-hooks.js:1860:10)\n    at runTest (file:///Users/neo/Developer/mexc-sniper-bot/node_modules/@vitest/runner/dist/chunk-hooks.js:1571:12)\n    at runSuite (file:///Users/neo/Developer/mexc-sniper-bot/node_modules/@vitest/runner/dist/chunk-hooks.js:1726:8)\n    at runSuite (file:///Users/neo/Developer/mexc-sniper-bot/node_modules/@vitest/runner/dist/chunk-hooks.js:1726:8)\n    at runSuite (file:///Users/neo/Developer/mexc-sniper-bot/node_modules/@vitest/runner/dist/chunk-hooks.js:1726:8)"],"meta":{}}],"startTime":1750534937174,"endTime":1750534938204.7017,"status":"failed","message":"","name":"/Users/neo/Developer/mexc-sniper-bot/tests/auto-sniping/market-simulation-edge-cases.test.ts"},{"assertionResults":[{"ancestorTitles":["High-Frequency Auto Sniping Performance","Pattern Detection Performance"],"fullName":"High-Frequency Auto Sniping Performance Pattern Detection Performance should detect patterns within latency thresholds","status":"failed","title":"should detect patterns within latency thresholds","duration":7.565833000000566,"failureMessages":["Error: getAllTickers does not exist\n    at assert (file:///Users/neo/Developer/mexc-sniper-bot/node_modules/tinyspy/dist/index.js:4:11)\n    at Module.internalSpyOn (file:///Users/neo/Developer/mexc-sniper-bot/node_modules/tinyspy/dist/index.js:121:3)\n    at Object.spyOn (file:///Users/neo/Developer/mexc-sniper-bot/node_modules/@vitest/spy/dist/index.js:20:23)\n    at ApiMockingUtils.setupMexcApiMocks (/Users/neo/Developer/mexc-sniper-bot/tests/utils/auto-sniping-test-utilities.ts:330:8)\n    at /Users/neo/Developer/mexc-sniper-bot/tests/performance/high-frequency-auto-sniping.test.ts:85:21\n    at file:///Users/neo/Developer/mexc-sniper-bot/node_modules/@vitest/runner/dist/chunk-hooks.js:155:11\n    at file:///Users/neo/Developer/mexc-sniper-bot/node_modules/@vitest/runner/dist/chunk-hooks.js:1894:20\n    at new Promise (<anonymous>)\n    at runWithTimeout (file:///Users/neo/Developer/mexc-sniper-bot/node_modules/@vitest/runner/dist/chunk-hooks.js:1860:10)\n    at runHook (file:///Users/neo/Developer/mexc-sniper-bot/node_modules/@vitest/runner/dist/chunk-hooks.js:1433:51)"],"meta":{}},{"ancestorTitles":["High-Frequency Auto Sniping Performance","Pattern Detection Performance"],"fullName":"High-Frequency Auto Sniping Performance Pattern Detection Performance should maintain performance under sustained pattern detection load","status":"failed","title":"should maintain performance under sustained pattern detection load","duration":0.6965420000051381,"failureMessages":["Error: getAllTickers does not exist\n    at assert (file:///Users/neo/Developer/mexc-sniper-bot/node_modules/tinyspy/dist/index.js:4:11)\n    at Module.internalSpyOn (file:///Users/neo/Developer/mexc-sniper-bot/node_modules/tinyspy/dist/index.js:121:3)\n    at Object.spyOn (file:///Users/neo/Developer/mexc-sniper-bot/node_modules/@vitest/spy/dist/index.js:20:23)\n    at ApiMockingUtils.setupMexcApiMocks (/Users/neo/Developer/mexc-sniper-bot/tests/utils/auto-sniping-test-utilities.ts:330:8)\n    at /Users/neo/Developer/mexc-sniper-bot/tests/performance/high-frequency-auto-sniping.test.ts:85:21\n    at file:///Users/neo/Developer/mexc-sniper-bot/node_modules/@vitest/runner/dist/chunk-hooks.js:155:11\n    at file:///Users/neo/Developer/mexc-sniper-bot/node_modules/@vitest/runner/dist/chunk-hooks.js:1894:20\n    at new Promise (<anonymous>)\n    at runWithTimeout (file:///Users/neo/Developer/mexc-sniper-bot/node_modules/@vitest/runner/dist/chunk-hooks.js:1860:10)\n    at runHook (file:///Users/neo/Developer/mexc-sniper-bot/node_modules/@vitest/runner/dist/chunk-hooks.js:1433:51)"],"meta":{}},{"ancestorTitles":["High-Frequency Auto Sniping Performance","Pattern Detection Performance"],"fullName":"High-Frequency Auto Sniping Performance Pattern Detection Performance should scale pattern detection across multiple symbols","status":"failed","title":"should scale pattern detection across multiple symbols","duration":0.5197909999988042,"failureMessages":["Error: getAllTickers does not exist\n    at assert (file:///Users/neo/Developer/mexc-sniper-bot/node_modules/tinyspy/dist/index.js:4:11)\n    at Module.internalSpyOn (file:///Users/neo/Developer/mexc-sniper-bot/node_modules/tinyspy/dist/index.js:121:3)\n    at Object.spyOn (file:///Users/neo/Developer/mexc-sniper-bot/node_modules/@vitest/spy/dist/index.js:20:23)\n    at ApiMockingUtils.setupMexcApiMocks (/Users/neo/Developer/mexc-sniper-bot/tests/utils/auto-sniping-test-utilities.ts:330:8)\n    at /Users/neo/Developer/mexc-sniper-bot/tests/performance/high-frequency-auto-sniping.test.ts:85:21\n    at file:///Users/neo/Developer/mexc-sniper-bot/node_modules/@vitest/runner/dist/chunk-hooks.js:155:11\n    at file:///Users/neo/Developer/mexc-sniper-bot/node_modules/@vitest/runner/dist/chunk-hooks.js:1894:20\n    at new Promise (<anonymous>)\n    at runWithTimeout (file:///Users/neo/Developer/mexc-sniper-bot/node_modules/@vitest/runner/dist/chunk-hooks.js:1860:10)\n    at runHook (file:///Users/neo/Developer/mexc-sniper-bot/node_modules/@vitest/runner/dist/chunk-hooks.js:1433:51)"],"meta":{}},{"ancestorTitles":["High-Frequency Auto Sniping Performance","Concurrent Trade Execution Performance"],"fullName":"High-Frequency Auto Sniping Performance Concurrent Trade Execution Performance should handle concurrent order placements efficiently","status":"failed","title":"should handle concurrent order placements efficiently","duration":0.49420800000370946,"failureMessages":["Error: getAllTickers does not exist\n    at assert (file:///Users/neo/Developer/mexc-sniper-bot/node_modules/tinyspy/dist/index.js:4:11)\n    at Module.internalSpyOn (file:///Users/neo/Developer/mexc-sniper-bot/node_modules/tinyspy/dist/index.js:121:3)\n    at Object.spyOn (file:///Users/neo/Developer/mexc-sniper-bot/node_modules/@vitest/spy/dist/index.js:20:23)\n    at ApiMockingUtils.setupMexcApiMocks (/Users/neo/Developer/mexc-sniper-bot/tests/utils/auto-sniping-test-utilities.ts:330:8)\n    at /Users/neo/Developer/mexc-sniper-bot/tests/performance/high-frequency-auto-sniping.test.ts:85:21\n    at file:///Users/neo/Developer/mexc-sniper-bot/node_modules/@vitest/runner/dist/chunk-hooks.js:155:11\n    at file:///Users/neo/Developer/mexc-sniper-bot/node_modules/@vitest/runner/dist/chunk-hooks.js:1894:20\n    at new Promise (<anonymous>)\n    at runWithTimeout (file:///Users/neo/Developer/mexc-sniper-bot/node_modules/@vitest/runner/dist/chunk-hooks.js:1860:10)\n    at runHook (file:///Users/neo/Developer/mexc-sniper-bot/node_modules/@vitest/runner/dist/chunk-hooks.js:1433:51)"],"meta":{}},{"ancestorTitles":["High-Frequency Auto Sniping Performance","Concurrent Trade Execution Performance"],"fullName":"High-Frequency Auto Sniping Performance Concurrent Trade Execution Performance should maintain order integrity under high concurrency","status":"failed","title":"should maintain order integrity under high concurrency","duration":0.45424999999522697,"failureMessages":["Error: getAllTickers does not exist\n    at assert (file:///Users/neo/Developer/mexc-sniper-bot/node_modules/tinyspy/dist/index.js:4:11)\n    at Module.internalSpyOn (file:///Users/neo/Developer/mexc-sniper-bot/node_modules/tinyspy/dist/index.js:121:3)\n    at Object.spyOn (file:///Users/neo/Developer/mexc-sniper-bot/node_modules/@vitest/spy/dist/index.js:20:23)\n    at ApiMockingUtils.setupMexcApiMocks (/Users/neo/Developer/mexc-sniper-bot/tests/utils/auto-sniping-test-utilities.ts:330:8)\n    at /Users/neo/Developer/mexc-sniper-bot/tests/performance/high-frequency-auto-sniping.test.ts:85:21\n    at file:///Users/neo/Developer/mexc-sniper-bot/node_modules/@vitest/runner/dist/chunk-hooks.js:155:11\n    at file:///Users/neo/Developer/mexc-sniper-bot/node_modules/@vitest/runner/dist/chunk-hooks.js:1894:20\n    at new Promise (<anonymous>)\n    at runWithTimeout (file:///Users/neo/Developer/mexc-sniper-bot/node_modules/@vitest/runner/dist/chunk-hooks.js:1860:10)\n    at runHook (file:///Users/neo/Developer/mexc-sniper-bot/node_modules/@vitest/runner/dist/chunk-hooks.js:1433:51)"],"meta":{}},{"ancestorTitles":["High-Frequency Auto Sniping Performance","Concurrent Trade Execution Performance"],"fullName":"High-Frequency Auto Sniping Performance Concurrent Trade Execution Performance should optimize memory usage during extended trading sessions","status":"failed","title":"should optimize memory usage during extended trading sessions","duration":1.0216249999939464,"failureMessages":["Error: getAllTickers does not exist\n    at assert (file:///Users/neo/Developer/mexc-sniper-bot/node_modules/tinyspy/dist/index.js:4:11)\n    at Module.internalSpyOn (file:///Users/neo/Developer/mexc-sniper-bot/node_modules/tinyspy/dist/index.js:121:3)\n    at Object.spyOn (file:///Users/neo/Developer/mexc-sniper-bot/node_modules/@vitest/spy/dist/index.js:20:23)\n    at ApiMockingUtils.setupMexcApiMocks (/Users/neo/Developer/mexc-sniper-bot/tests/utils/auto-sniping-test-utilities.ts:330:8)\n    at /Users/neo/Developer/mexc-sniper-bot/tests/performance/high-frequency-auto-sniping.test.ts:85:21\n    at file:///Users/neo/Developer/mexc-sniper-bot/node_modules/@vitest/runner/dist/chunk-hooks.js:155:11\n    at file:///Users/neo/Developer/mexc-sniper-bot/node_modules/@vitest/runner/dist/chunk-hooks.js:1894:20\n    at new Promise (<anonymous>)\n    at runWithTimeout (file:///Users/neo/Developer/mexc-sniper-bot/node_modules/@vitest/runner/dist/chunk-hooks.js:1860:10)\n    at runHook (file:///Users/neo/Developer/mexc-sniper-bot/node_modules/@vitest/runner/dist/chunk-hooks.js:1433:51)"],"meta":{}},{"ancestorTitles":["High-Frequency Auto Sniping Performance","Market Data Processing Throughput"],"fullName":"High-Frequency Auto Sniping Performance Market Data Processing Throughput should process high-frequency market data efficiently","status":"failed","title":"should process high-frequency market data efficiently","duration":0.6034579999977723,"failureMessages":["Error: getAllTickers does not exist\n    at assert (file:///Users/neo/Developer/mexc-sniper-bot/node_modules/tinyspy/dist/index.js:4:11)\n    at Module.internalSpyOn (file:///Users/neo/Developer/mexc-sniper-bot/node_modules/tinyspy/dist/index.js:121:3)\n    at Object.spyOn (file:///Users/neo/Developer/mexc-sniper-bot/node_modules/@vitest/spy/dist/index.js:20:23)\n    at ApiMockingUtils.setupMexcApiMocks (/Users/neo/Developer/mexc-sniper-bot/tests/utils/auto-sniping-test-utilities.ts:330:8)\n    at /Users/neo/Developer/mexc-sniper-bot/tests/performance/high-frequency-auto-sniping.test.ts:85:21\n    at file:///Users/neo/Developer/mexc-sniper-bot/node_modules/@vitest/runner/dist/chunk-hooks.js:155:11\n    at file:///Users/neo/Developer/mexc-sniper-bot/node_modules/@vitest/runner/dist/chunk-hooks.js:1894:20\n    at new Promise (<anonymous>)\n    at runWithTimeout (file:///Users/neo/Developer/mexc-sniper-bot/node_modules/@vitest/runner/dist/chunk-hooks.js:1860:10)\n    at runHook (file:///Users/neo/Developer/mexc-sniper-bot/node_modules/@vitest/runner/dist/chunk-hooks.js:1433:51)"],"meta":{}},{"ancestorTitles":["High-Frequency Auto Sniping Performance","Market Data Processing Throughput"],"fullName":"High-Frequency Auto Sniping Performance Market Data Processing Throughput should handle WebSocket message processing at scale","status":"failed","title":"should handle WebSocket message processing at scale","duration":0.5365410000085831,"failureMessages":["Error: getAllTickers does not exist\n    at assert (file:///Users/neo/Developer/mexc-sniper-bot/node_modules/tinyspy/dist/index.js:4:11)\n    at Module.internalSpyOn (file:///Users/neo/Developer/mexc-sniper-bot/node_modules/tinyspy/dist/index.js:121:3)\n    at Object.spyOn (file:///Users/neo/Developer/mexc-sniper-bot/node_modules/@vitest/spy/dist/index.js:20:23)\n    at ApiMockingUtils.setupMexcApiMocks (/Users/neo/Developer/mexc-sniper-bot/tests/utils/auto-sniping-test-utilities.ts:330:8)\n    at /Users/neo/Developer/mexc-sniper-bot/tests/performance/high-frequency-auto-sniping.test.ts:85:21\n    at file:///Users/neo/Developer/mexc-sniper-bot/node_modules/@vitest/runner/dist/chunk-hooks.js:155:11\n    at file:///Users/neo/Developer/mexc-sniper-bot/node_modules/@vitest/runner/dist/chunk-hooks.js:1894:20\n    at new Promise (<anonymous>)\n    at runWithTimeout (file:///Users/neo/Developer/mexc-sniper-bot/node_modules/@vitest/runner/dist/chunk-hooks.js:1860:10)\n    at runHook (file:///Users/neo/Developer/mexc-sniper-bot/node_modules/@vitest/runner/dist/chunk-hooks.js:1433:51)"],"meta":{}},{"ancestorTitles":["High-Frequency Auto Sniping Performance","System-Wide Performance Under Load"],"fullName":"High-Frequency Auto Sniping Performance System-Wide Performance Under Load should maintain performance with multiple active strategies","status":"failed","title":"should maintain performance with multiple active strategies","duration":0.5000829999917187,"failureMessages":["Error: getAllTickers does not exist\n    at assert (file:///Users/neo/Developer/mexc-sniper-bot/node_modules/tinyspy/dist/index.js:4:11)\n    at Module.internalSpyOn (file:///Users/neo/Developer/mexc-sniper-bot/node_modules/tinyspy/dist/index.js:121:3)\n    at Object.spyOn (file:///Users/neo/Developer/mexc-sniper-bot/node_modules/@vitest/spy/dist/index.js:20:23)\n    at ApiMockingUtils.setupMexcApiMocks (/Users/neo/Developer/mexc-sniper-bot/tests/utils/auto-sniping-test-utilities.ts:330:8)\n    at /Users/neo/Developer/mexc-sniper-bot/tests/performance/high-frequency-auto-sniping.test.ts:85:21\n    at file:///Users/neo/Developer/mexc-sniper-bot/node_modules/@vitest/runner/dist/chunk-hooks.js:155:11\n    at file:///Users/neo/Developer/mexc-sniper-bot/node_modules/@vitest/runner/dist/chunk-hooks.js:1894:20\n    at new Promise (<anonymous>)\n    at runWithTimeout (file:///Users/neo/Developer/mexc-sniper-bot/node_modules/@vitest/runner/dist/chunk-hooks.js:1860:10)\n    at runHook (file:///Users/neo/Developer/mexc-sniper-bot/node_modules/@vitest/runner/dist/chunk-hooks.js:1433:51)"],"meta":{}},{"ancestorTitles":["High-Frequency Auto Sniping Performance","System-Wide Performance Under Load"],"fullName":"High-Frequency Auto Sniping Performance System-Wide Performance Under Load should handle stress testing with circuit breaker protection","status":"failed","title":"should handle stress testing with circuit breaker protection","duration":0.53125,"failureMessages":["Error: getAllTickers does not exist\n    at assert (file:///Users/neo/Developer/mexc-sniper-bot/node_modules/tinyspy/dist/index.js:4:11)\n    at Module.internalSpyOn (file:///Users/neo/Developer/mexc-sniper-bot/node_modules/tinyspy/dist/index.js:121:3)\n    at Object.spyOn (file:///Users/neo/Developer/mexc-sniper-bot/node_modules/@vitest/spy/dist/index.js:20:23)\n    at ApiMockingUtils.setupMexcApiMocks (/Users/neo/Developer/mexc-sniper-bot/tests/utils/auto-sniping-test-utilities.ts:330:8)\n    at /Users/neo/Developer/mexc-sniper-bot/tests/performance/high-frequency-auto-sniping.test.ts:85:21\n    at file:///Users/neo/Developer/mexc-sniper-bot/node_modules/@vitest/runner/dist/chunk-hooks.js:155:11\n    at file:///Users/neo/Developer/mexc-sniper-bot/node_modules/@vitest/runner/dist/chunk-hooks.js:1894:20\n    at new Promise (<anonymous>)\n    at runWithTimeout (file:///Users/neo/Developer/mexc-sniper-bot/node_modules/@vitest/runner/dist/chunk-hooks.js:1860:10)\n    at runHook (file:///Users/neo/Developer/mexc-sniper-bot/node_modules/@vitest/runner/dist/chunk-hooks.js:1433:51)"],"meta":{}},{"ancestorTitles":["High-Frequency Auto Sniping Performance","System-Wide Performance Under Load"],"fullName":"High-Frequency Auto Sniping Performance System-Wide Performance Under Load should demonstrate scalability limits and graceful degradation","status":"failed","title":"should demonstrate scalability limits and graceful degradation","duration":0.41700000000128057,"failureMessages":["Error: getAllTickers does not exist\n    at assert (file:///Users/neo/Developer/mexc-sniper-bot/node_modules/tinyspy/dist/index.js:4:11)\n    at Module.internalSpyOn (file:///Users/neo/Developer/mexc-sniper-bot/node_modules/tinyspy/dist/index.js:121:3)\n    at Object.spyOn (file:///Users/neo/Developer/mexc-sniper-bot/node_modules/@vitest/spy/dist/index.js:20:23)\n    at ApiMockingUtils.setupMexcApiMocks (/Users/neo/Developer/mexc-sniper-bot/tests/utils/auto-sniping-test-utilities.ts:330:8)\n    at /Users/neo/Developer/mexc-sniper-bot/tests/performance/high-frequency-auto-sniping.test.ts:85:21\n    at file:///Users/neo/Developer/mexc-sniper-bot/node_modules/@vitest/runner/dist/chunk-hooks.js:155:11\n    at file:///Users/neo/Developer/mexc-sniper-bot/node_modules/@vitest/runner/dist/chunk-hooks.js:1894:20\n    at new Promise (<anonymous>)\n    at runWithTimeout (file:///Users/neo/Developer/mexc-sniper-bot/node_modules/@vitest/runner/dist/chunk-hooks.js:1860:10)\n    at runHook (file:///Users/neo/Developer/mexc-sniper-bot/node_modules/@vitest/runner/dist/chunk-hooks.js:1433:51)"],"meta":{}},{"ancestorTitles":["High-Frequency Auto Sniping Performance","Real-World Performance Scenarios"],"fullName":"High-Frequency Auto Sniping Performance Real-World Performance Scenarios should handle new listing launch scenario","status":"failed","title":"should handle new listing launch scenario","duration":0.3587499999994179,"failureMessages":["Error: getAllTickers does not exist\n    at assert (file:///Users/neo/Developer/mexc-sniper-bot/node_modules/tinyspy/dist/index.js:4:11)\n    at Module.internalSpyOn (file:///Users/neo/Developer/mexc-sniper-bot/node_modules/tinyspy/dist/index.js:121:3)\n    at Object.spyOn (file:///Users/neo/Developer/mexc-sniper-bot/node_modules/@vitest/spy/dist/index.js:20:23)\n    at ApiMockingUtils.setupMexcApiMocks (/Users/neo/Developer/mexc-sniper-bot/tests/utils/auto-sniping-test-utilities.ts:330:8)\n    at /Users/neo/Developer/mexc-sniper-bot/tests/performance/high-frequency-auto-sniping.test.ts:85:21\n    at file:///Users/neo/Developer/mexc-sniper-bot/node_modules/@vitest/runner/dist/chunk-hooks.js:155:11\n    at file:///Users/neo/Developer/mexc-sniper-bot/node_modules/@vitest/runner/dist/chunk-hooks.js:1894:20\n    at new Promise (<anonymous>)\n    at runWithTimeout (file:///Users/neo/Developer/mexc-sniper-bot/node_modules/@vitest/runner/dist/chunk-hooks.js:1860:10)\n    at runHook (file:///Users/neo/Developer/mexc-sniper-bot/node_modules/@vitest/runner/dist/chunk-hooks.js:1433:51)"],"meta":{}},{"ancestorTitles":["High-Frequency Auto Sniping Performance","Real-World Performance Scenarios"],"fullName":"High-Frequency Auto Sniping Performance Real-World Performance Scenarios should optimize for flash crash recovery","status":"failed","title":"should optimize for flash crash recovery","duration":0.5865000000048894,"failureMessages":["Error: getAllTickers does not exist\n    at assert (file:///Users/neo/Developer/mexc-sniper-bot/node_modules/tinyspy/dist/index.js:4:11)\n    at Module.internalSpyOn (file:///Users/neo/Developer/mexc-sniper-bot/node_modules/tinyspy/dist/index.js:121:3)\n    at Object.spyOn (file:///Users/neo/Developer/mexc-sniper-bot/node_modules/@vitest/spy/dist/index.js:20:23)\n    at ApiMockingUtils.setupMexcApiMocks (/Users/neo/Developer/mexc-sniper-bot/tests/utils/auto-sniping-test-utilities.ts:330:8)\n    at /Users/neo/Developer/mexc-sniper-bot/tests/performance/high-frequency-auto-sniping.test.ts:85:21\n    at file:///Users/neo/Developer/mexc-sniper-bot/node_modules/@vitest/runner/dist/chunk-hooks.js:155:11\n    at file:///Users/neo/Developer/mexc-sniper-bot/node_modules/@vitest/runner/dist/chunk-hooks.js:1894:20\n    at new Promise (<anonymous>)\n    at runWithTimeout (file:///Users/neo/Developer/mexc-sniper-bot/node_modules/@vitest/runner/dist/chunk-hooks.js:1860:10)\n    at runHook (file:///Users/neo/Developer/mexc-sniper-bot/node_modules/@vitest/runner/dist/chunk-hooks.js:1433:51)"],"meta":{}}],"startTime":1750534939743,"endTime":1750534939757.5864,"status":"failed","message":"","name":"/Users/neo/Developer/mexc-sniper-bot/tests/performance/high-frequency-auto-sniping.test.ts"},{"assertionResults":[{"ancestorTitles":["Agent System Integration","BaseAgent functionality"],"fullName":"Agent System Integration BaseAgent functionality should create agent with proper configuration","status":"passed","title":"should create agent with proper configuration","duration":0.7735420000099111,"failureMessages":[],"meta":{}},{"ancestorTitles":["Agent System Integration","BaseAgent functionality"],"fullName":"Agent System Integration BaseAgent functionality should validate agent initialization parameters","status":"passed","title":"should validate agent initialization parameters","duration":0.5812499999883585,"failureMessages":[],"meta":{}},{"ancestorTitles":["Agent System Integration","Agent communication patterns"],"fullName":"Agent System Integration Agent communication patterns should format AI requests properly","status":"passed","title":"should format AI requests properly","duration":0.7092910000064876,"failureMessages":[],"meta":{}},{"ancestorTitles":["Agent System Integration","Agent communication patterns"],"fullName":"Agent System Integration Agent communication patterns should parse AI responses correctly","status":"passed","title":"should parse AI responses correctly","duration":0.18429199999081902,"failureMessages":[],"meta":{}},{"ancestorTitles":["Agent System Integration","Multi-agent orchestration"],"fullName":"Agent System Integration Multi-agent orchestration should handle agent workflow sequencing","status":"passed","title":"should handle agent workflow sequencing","duration":0.2737499999930151,"failureMessages":[],"meta":{}},{"ancestorTitles":["Agent System Integration","Multi-agent orchestration"],"fullName":"Agent System Integration Multi-agent orchestration should handle agent failures gracefully","status":"passed","title":"should handle agent failures gracefully","duration":0.19029199998476543,"failureMessages":[],"meta":{}},{"ancestorTitles":["Agent System Integration","Data validation in agent pipeline"],"fullName":"Agent System Integration Data validation in agent pipeline should validate calendar data structure","status":"passed","title":"should validate calendar data structure","duration":0.20916600001510233,"failureMessages":[],"meta":{}},{"ancestorTitles":["Agent System Integration","Data validation in agent pipeline"],"fullName":"Agent System Integration Data validation in agent pipeline should validate pattern analysis results","status":"passed","title":"should validate pattern analysis results","duration":0.13387499999953434,"failureMessages":[],"meta":{}}],"startTime":1750534994671,"endTime":1750534994674.1338,"status":"passed","message":"","name":"/Users/neo/Developer/mexc-sniper-bot/tests/integration/agent-system.test.ts"},{"assertionResults":[{"ancestorTitles":["AI Intelligence Integration","End-to-End Pattern Enhancement"],"fullName":"AI Intelligence Integration End-to-End Pattern Enhancement should perform complete AI-enhanced pattern analysis","status":"passed","title":"should perform complete AI-enhanced pattern analysis","duration":1.7877080000180285,"failureMessages":[],"meta":{}},{"ancestorTitles":["AI Intelligence Integration","End-to-End Pattern Enhancement"],"fullName":"AI Intelligence Integration End-to-End Pattern Enhancement should integrate Cohere embeddings with pattern storage","status":"passed","title":"should integrate Cohere embeddings with pattern storage","duration":1.2882920000120066,"failureMessages":[],"meta":{}},{"ancestorTitles":["AI Intelligence Integration","End-to-End Pattern Enhancement"],"fullName":"AI Intelligence Integration End-to-End Pattern Enhancement should fallback gracefully when AI services are unavailable","status":"passed","title":"should fallback gracefully when AI services are unavailable","duration":0.5641669999749865,"failureMessages":[],"meta":{}},{"ancestorTitles":["AI Intelligence Integration","End-to-End Pattern Enhancement"],"fullName":"AI Intelligence Integration End-to-End Pattern Enhancement should cache AI results for performance optimization","status":"passed","title":"should cache AI results for performance optimization","duration":0.5499580000177957,"failureMessages":[],"meta":{}},{"ancestorTitles":["AI Intelligence Integration","Pattern Embedding Enhancement"],"fullName":"AI Intelligence Integration Pattern Embedding Enhancement should use Cohere as primary embedding model","status":"passed","title":"should use Cohere as primary embedding model","duration":0.5325829999928828,"failureMessages":[],"meta":{}},{"ancestorTitles":["AI Intelligence Integration","Pattern Embedding Enhancement"],"fullName":"AI Intelligence Integration Pattern Embedding Enhancement should fallback to OpenAI when Cohere fails","status":"passed","title":"should fallback to OpenAI when Cohere fails","duration":0.4334169999929145,"failureMessages":[],"meta":{}},{"ancestorTitles":["AI Intelligence Integration","Pattern Embedding Enhancement"],"fullName":"AI Intelligence Integration Pattern Embedding Enhancement should enhance pattern similarity analysis with AI context","status":"passed","title":"should enhance pattern similarity analysis with AI context","duration":0.5593749999825377,"failureMessages":[],"meta":{}},{"ancestorTitles":["AI Intelligence Integration","Real-time Integration"],"fullName":"AI Intelligence Integration Real-time Integration should integrate with WebSocket pattern detection","status":"passed","title":"should integrate with WebSocket pattern detection","duration":0.4625839999935124,"failureMessages":[],"meta":{}},{"ancestorTitles":["AI Intelligence Integration","Real-time Integration"],"fullName":"AI Intelligence Integration Real-time Integration should handle high-frequency pattern updates efficiently","status":"passed","title":"should handle high-frequency pattern updates efficiently","duration":1.1027499999909196,"failureMessages":[],"meta":{}},{"ancestorTitles":["AI Intelligence Integration","Performance and Scalability"],"fullName":"AI Intelligence Integration Performance and Scalability should maintain performance under load","status":"passed","title":"should maintain performance under load","duration":0.9876670000085142,"failureMessages":[],"meta":{}},{"ancestorTitles":["AI Intelligence Integration","Performance and Scalability"],"fullName":"AI Intelligence Integration Performance and Scalability should optimize API usage through intelligent caching","status":"passed","title":"should optimize API usage through intelligent caching","duration":0.7197909999813419,"failureMessages":[],"meta":{}},{"ancestorTitles":["AI Intelligence Integration","Performance and Scalability"],"fullName":"AI Intelligence Integration Performance and Scalability should handle cache eviction and memory management","status":"passed","title":"should handle cache eviction and memory management","duration":0.47220800002105534,"failureMessages":[],"meta":{}},{"ancestorTitles":["AI Intelligence Integration","Error Resilience"],"fullName":"AI Intelligence Integration Error Resilience should handle partial service failures gracefully","status":"passed","title":"should handle partial service failures gracefully","duration":0.5449579999840353,"failureMessages":[],"meta":{}},{"ancestorTitles":["AI Intelligence Integration","Error Resilience"],"fullName":"AI Intelligence Integration Error Resilience should provide meaningful fallback analysis","status":"passed","title":"should provide meaningful fallback analysis","duration":0.715291000000434,"failureMessages":[],"meta":{}},{"ancestorTitles":["AI Intelligence Integration","Error Resilience"],"fullName":"AI Intelligence Integration Error Resilience should maintain system stability during API rate limits","status":"passed","title":"should maintain system stability during API rate limits","duration":0.9825420000124723,"failureMessages":[],"meta":{}},{"ancestorTitles":["AI Intelligence Integration","Integration Validation"],"fullName":"AI Intelligence Integration Integration Validation should validate complete Phase 3 integration workflow","status":"passed","title":"should validate complete Phase 3 integration workflow","duration":0.6549590000067838,"failureMessages":[],"meta":{}}],"startTime":1750534980892,"endTime":1750534980904.655,"status":"passed","message":"","name":"/Users/neo/Developer/mexc-sniper-bot/tests/integration/ai-intelligence-integration.test.ts"},{"assertionResults":[{"ancestorTitles":["/api/health/auth Integration Tests","Health Check API Integration"],"fullName":"/api/health/auth Integration Tests Health Check API Integration should return comprehensive health data with all systems operational","status":"passed","title":"should return comprehensive health data with all systems operational","duration":14.071334000007482,"failureMessages":[],"meta":{}},{"ancestorTitles":["/api/health/auth Integration Tests","Health Check API Integration"],"fullName":"/api/health/auth Integration Tests Health Check API Integration should handle network connectivity issues gracefully","status":"passed","title":"should handle network connectivity issues gracefully","duration":2.0938330000208225,"failureMessages":[],"meta":{}},{"ancestorTitles":["/api/health/auth Integration Tests","Health Check API Integration"],"fullName":"/api/health/auth Integration Tests Health Check API Integration should validate environment variables in different configurations","status":"passed","title":"should validate environment variables in different configurations","duration":1.6500410000153352,"failureMessages":[],"meta":{}},{"ancestorTitles":["/api/health/auth Integration Tests","Health Check API Integration"],"fullName":"/api/health/auth Integration Tests Health Check API Integration should handle partial configuration correctly","status":"passed","title":"should handle partial configuration correctly","duration":2.0549579999933485,"failureMessages":[],"meta":{}},{"ancestorTitles":["/api/health/auth Integration Tests","Health Check API Integration"],"fullName":"/api/health/auth Integration Tests Health Check API Integration should validate URL formats correctly","status":"passed","title":"should validate URL formats correctly","duration":1.5762089999916498,"failureMessages":[],"meta":{}},{"ancestorTitles":["/api/health/auth Integration Tests","CORS and HTTP Methods"],"fullName":"/api/health/auth Integration Tests CORS and HTTP Methods should handle OPTIONS requests for CORS","status":"passed","title":"should handle OPTIONS requests for CORS","duration":1.2912500000093132,"failureMessages":[],"meta":{}},{"ancestorTitles":["/api/health/auth Integration Tests","CORS and HTTP Methods"],"fullName":"/api/health/auth Integration Tests CORS and HTTP Methods should reject unsupported HTTP methods","status":"passed","title":"should reject unsupported HTTP methods","duration":1.259875000017928,"failureMessages":[],"meta":{}},{"ancestorTitles":["/api/health/auth Integration Tests","Error Handling and Edge Cases"],"fullName":"/api/health/auth Integration Tests Error Handling and Edge Cases should handle Kinde SDK initialization failures","status":"passed","title":"should handle Kinde SDK initialization failures","duration":1.4962499999965075,"failureMessages":[],"meta":{}},{"ancestorTitles":["/api/health/auth Integration Tests","Error Handling and Edge Cases"],"fullName":"/api/health/auth Integration Tests Error Handling and Edge Cases should handle async Kinde operations failures","status":"passed","title":"should handle async Kinde operations failures","duration":2.098415999993449,"failureMessages":[],"meta":{}},{"ancestorTitles":["/api/health/auth Integration Tests","Error Handling and Edge Cases"],"fullName":"/api/health/auth Integration Tests Error Handling and Edge Cases should handle malformed environment variables","status":"passed","title":"should handle malformed environment variables","duration":2.344457999977749,"failureMessages":[],"meta":{}},{"ancestorTitles":["/api/health/auth Integration Tests","Error Handling and Edge Cases"],"fullName":"/api/health/auth Integration Tests Error Handling and Edge Cases should provide detailed error information for debugging","status":"passed","title":"should provide detailed error information for debugging","duration":3.088500000012573,"failureMessages":[],"meta":{}},{"ancestorTitles":["/api/health/auth Integration Tests","Performance and Reliability"],"fullName":"/api/health/auth Integration Tests Performance and Reliability should respond within acceptable time limits","status":"passed","title":"should respond within acceptable time limits","duration":1.2586250000167638,"failureMessages":[],"meta":{}},{"ancestorTitles":["/api/health/auth Integration Tests","Performance and Reliability"],"fullName":"/api/health/auth Integration Tests Performance and Reliability should be idempotent across multiple calls","status":"passed","title":"should be idempotent across multiple calls","duration":2.4115830000082497,"failureMessages":[],"meta":{}},{"ancestorTitles":["/api/health/auth Integration Tests","Performance and Reliability"],"fullName":"/api/health/auth Integration Tests Performance and Reliability should handle concurrent requests properly","status":"passed","title":"should handle concurrent requests properly","duration":5.954583999991883,"failureMessages":[],"meta":{}}],"startTime":1750534972673,"endTime":1750534972715.9546,"status":"passed","message":"","name":"/Users/neo/Developer/mexc-sniper-bot/tests/integration/auth-health-integration.test.ts"},{"assertionResults":[{"ancestorTitles":["Auto-Sniping Execution Integration","Auto-Sniping Execution Service"],"fullName":"Auto-Sniping Execution Integration Auto-Sniping Execution Service should initialize with correct default state","status":"passed","title":"should initialize with correct default state","duration":4.142915999997058,"failureMessages":[],"meta":{}},{"ancestorTitles":["Auto-Sniping Execution Integration","Auto-Sniping Execution Service"],"fullName":"Auto-Sniping Execution Integration Auto-Sniping Execution Service should update configuration correctly","status":"passed","title":"should update configuration correctly","duration":0.6069590000042808,"failureMessages":[],"meta":{}},{"ancestorTitles":["Auto-Sniping Execution Integration","Auto-Sniping Execution Service"],"fullName":"Auto-Sniping Execution Integration Auto-Sniping Execution Service should handle start execution with proper pre-flight checks","status":"failed","title":"should handle start execution with proper pre-flight checks","duration":7020.454333000009,"failureMessages":["Error: API connectivity check failed: Failed to get account info\n    at AutoSnipingExecutionService.performPreflightChecks (/Users/neo/Developer/mexc-sniper-bot/src/services/auto-sniping-execution-service.ts:491:13)\n    at AutoSnipingExecutionService.startExecution (/Users/neo/Developer/mexc-sniper-bot/src/services/auto-sniping-execution-service.ts:185:5)\n    at /Users/neo/Developer/mexc-sniper-bot/tests/integration/auto-sniping-execution-integration.test.ts:115:7\n    at file:///Users/neo/Developer/mexc-sniper-bot/node_modules/@vitest/runner/dist/chunk-hooks.js:752:20"],"meta":{}},{"ancestorTitles":["Auto-Sniping Execution Integration","Auto-Sniping Execution Service"],"fullName":"Auto-Sniping Execution Integration Auto-Sniping Execution Service should fail to start execution when disabled","status":"failed","title":"should fail to start execution when disabled","duration":7032.168999999994,"failureMessages":["AssertionError: expected [Function] to throw error including 'Auto-sniping is disabled' but got 'API connectivity check failed: Failed…'\n    at Assertion.<anonymous> (file:///Users/neo/Developer/mexc-sniper-bot/node_modules/@vitest/expect/dist/index.js:1411:16)\n    at Assertion.<anonymous> (file:///Users/neo/Developer/mexc-sniper-bot/node_modules/@vitest/expect/dist/index.js:1022:14)\n    at Assertion.methodWrapper (file:///Users/neo/Developer/mexc-sniper-bot/node_modules/chai/chai.js:1618:25)\n    at file:///Users/neo/Developer/mexc-sniper-bot/node_modules/@vitest/expect/dist/index.js:1630:20\n    at /Users/neo/Developer/mexc-sniper-bot/tests/integration/auto-sniping-execution-integration.test.ts:129:7\n    at file:///Users/neo/Developer/mexc-sniper-bot/node_modules/@vitest/runner/dist/chunk-hooks.js:752:20"],"meta":{}},{"ancestorTitles":["Auto-Sniping Execution Integration","Auto-Sniping Execution Service"],"fullName":"Auto-Sniping Execution Integration Auto-Sniping Execution Service should stop execution successfully","status":"failed","title":"should stop execution successfully","duration":7022.999582999997,"failureMessages":["Error: API connectivity check failed: Failed to get account info\n    at AutoSnipingExecutionService.performPreflightChecks (/Users/neo/Developer/mexc-sniper-bot/src/services/auto-sniping-execution-service.ts:491:13)\n    at AutoSnipingExecutionService.startExecution (/Users/neo/Developer/mexc-sniper-bot/src/services/auto-sniping-execution-service.ts:185:5)\n    at /Users/neo/Developer/mexc-sniper-bot/tests/integration/auto-sniping-execution-integration.test.ts:135:7\n    at file:///Users/neo/Developer/mexc-sniper-bot/node_modules/@vitest/runner/dist/chunk-hooks.js:752:20"],"meta":{}},{"ancestorTitles":["Auto-Sniping Execution Integration","Auto-Sniping Execution Service"],"fullName":"Auto-Sniping Execution Integration Auto-Sniping Execution Service should pause and resume execution","status":"failed","title":"should pause and resume execution","duration":7019.544957999999,"failureMessages":["Error: API connectivity check failed: Failed to get account info\n    at AutoSnipingExecutionService.performPreflightChecks (/Users/neo/Developer/mexc-sniper-bot/src/services/auto-sniping-execution-service.ts:491:13)\n    at AutoSnipingExecutionService.startExecution (/Users/neo/Developer/mexc-sniper-bot/src/services/auto-sniping-execution-service.ts:185:5)\n    at /Users/neo/Developer/mexc-sniper-bot/tests/integration/auto-sniping-execution-integration.test.ts:146:7\n    at file:///Users/neo/Developer/mexc-sniper-bot/node_modules/@vitest/runner/dist/chunk-hooks.js:752:20"],"meta":{}},{"ancestorTitles":["Auto-Sniping Execution Integration","Auto-Sniping Execution Service"],"fullName":"Auto-Sniping Execution Integration Auto-Sniping Execution Service should handle pattern-based trade execution simulation","status":"failed","title":"should handle pattern-based trade execution simulation","duration":7021.794540999996,"failureMessages":["Error: API connectivity check failed: Failed to get account info\n    at AutoSnipingExecutionService.performPreflightChecks (/Users/neo/Developer/mexc-sniper-bot/src/services/auto-sniping-execution-service.ts:491:13)\n    at AutoSnipingExecutionService.startExecution (/Users/neo/Developer/mexc-sniper-bot/src/services/auto-sniping-execution-service.ts:185:5)\n    at /Users/neo/Developer/mexc-sniper-bot/tests/integration/auto-sniping-execution-integration.test.ts:184:7\n    at file:///Users/neo/Developer/mexc-sniper-bot/node_modules/@vitest/runner/dist/chunk-hooks.js:752:20"],"meta":{}},{"ancestorTitles":["Auto-Sniping Execution Integration","Auto-Sniping Execution Service"],"fullName":"Auto-Sniping Execution Integration Auto-Sniping Execution Service should manage alerts correctly","status":"failed","title":"should manage alerts correctly","duration":5.341125000006286,"failureMessages":["Error: API connectivity check failed: Failed to get account info\n    at AutoSnipingExecutionService.performPreflightChecks (/Users/neo/Developer/mexc-sniper-bot/src/services/auto-sniping-execution-service.ts:491:13)\n    at processTicksAndRejections (node:internal/process/task_queues:105:5)\n    at AutoSnipingExecutionService.startExecution (/Users/neo/Developer/mexc-sniper-bot/src/services/auto-sniping-execution-service.ts:185:5)\n    at /Users/neo/Developer/mexc-sniper-bot/tests/integration/auto-sniping-execution-integration.test.ts:201:7\n    at file:///Users/neo/Developer/mexc-sniper-bot/node_modules/@vitest/runner/dist/chunk-hooks.js:752:20"],"meta":{}},{"ancestorTitles":["Auto-Sniping Execution Integration","Auto-Sniping Execution Service"],"fullName":"Auto-Sniping Execution Integration Auto-Sniping Execution Service should handle emergency close all","status":"passed","title":"should handle emergency close all","duration":1.6516670000128215,"failureMessages":[],"meta":{}},{"ancestorTitles":["Auto-Sniping Execution Integration","Auto-Sniping Execution Service"],"fullName":"Auto-Sniping Execution Integration Auto-Sniping Execution Service should track execution statistics correctly","status":"passed","title":"should track execution statistics correctly","duration":1.242540999999619,"failureMessages":[],"meta":{}},{"ancestorTitles":["Auto-Sniping Execution Integration","Auto-Sniping Execution Service"],"fullName":"Auto-Sniping Execution Integration Auto-Sniping Execution Service should provide system health information","status":"passed","title":"should provide system health informatio
[...]
eta":{}},{"ancestorTitles":["Project Verification Tests","TypeScript Implementation Verification"],"fullName":"Project Verification Tests TypeScript Implementation Verification should have database layer implemented","status":"passed","title":"should have database layer implemented","duration":0.14887499998440035,"failureMessages":[],"meta":{}},{"ancestorTitles":["Project Verification Tests","TypeScript Implementation Verification"],"fullName":"Project Verification Tests TypeScript Implementation Verification should have testing infrastructure","status":"passed","title":"should have testing infrastructure","duration":0.19429200000013225,"failureMessages":[],"meta":{}},{"ancestorTitles":["Project Verification Tests","Configuration Verification"],"fullName":"Project Verification Tests Configuration Verification should have clean package.json without Python dependencies","status":"passed","title":"should have clean package.json without Python dependencies","duration":0.6692090000142343,"failureMessages":[],"meta":{}},{"ancestorTitles":["Project Verification Tests","Configuration Verification"],"fullName":"Project Verification Tests Configuration Verification should have clean Next.js configuration","status":"passed","title":"should have clean Next.js configuration","duration":0.36129100000835024,"failureMessages":[],"meta":{}},{"ancestorTitles":["Project Verification Tests","Configuration Verification"],"fullName":"Project Verification Tests Configuration Verification should have proper TypeScript configuration","status":"passed","title":"should have proper TypeScript configuration","duration":0.2807079999765847,"failureMessages":[],"meta":{}},{"ancestorTitles":["Project Verification Tests","Documentation Verification"],"fullName":"Project Verification Tests Documentation Verification should have comprehensive documentation","status":"passed","title":"should have comprehensive documentation","duration":0.22670800000196323,"failureMessages":[],"meta":{}},{"ancestorTitles":["Project Verification Tests","Documentation Verification"],"fullName":"Project Verification Tests Documentation Verification should have implementation summary (optional)","status":"passed","title":"should have implementation summary (optional)","duration":0.10129099999903701,"failureMessages":[],"meta":{}},{"ancestorTitles":["Project Verification Tests","Documentation Verification"],"fullName":"Project Verification Tests Documentation Verification should have testing report (optional)","status":"passed","title":"should have testing report (optional)","duration":0.09591599999112077,"failureMessages":[],"meta":{}},{"ancestorTitles":["Project Verification Tests","System Integration Verification"],"fullName":"Project Verification Tests System Integration Verification should have proper environment variable structure","status":"passed","title":"should have proper environment variable structure","duration":0.06108399998629466,"failureMessages":[],"meta":{}},{"ancestorTitles":["Project Verification Tests","System Integration Verification"],"fullName":"Project Verification Tests System Integration Verification should have Vercel deployment configuration","status":"passed","title":"should have Vercel deployment configuration","duration":0.5382080000126734,"failureMessages":[],"meta":{}},{"ancestorTitles":["Project Verification Tests","System Integration Verification"],"fullName":"Project Verification Tests System Integration Verification should have Inngest integration","status":"passed","title":"should have Inngest integration","duration":0.09458400000585243,"failureMessages":[],"meta":{}},{"ancestorTitles":["Project Verification Tests","Code Quality Verification"],"fullName":"Project Verification Tests Code Quality Verification should have linting configuration","status":"passed","title":"should have linting configuration","duration":0.0680419999989681,"failureMessages":[],"meta":{}},{"ancestorTitles":["Project Verification Tests","Code Quality Verification"],"fullName":"Project Verification Tests Code Quality Verification should have formatting and linting scripts","status":"passed","title":"should have formatting and linting scripts","duration":0.12470800001756288,"failureMessages":[],"meta":{}},{"ancestorTitles":["Project Verification Tests","Code Quality Verification"],"fullName":"Project Verification Tests Code Quality Verification should have proper project structure","status":"passed","title":"should have proper project structure","duration":0.16975000000093132,"failureMessages":[],"meta":{}}],"startTime":1750534974106,"endTime":1750534974122.1697,"status":"passed","message":"","name":"/Users/neo/Developer/mexc-sniper-bot/tests/unit/verification.test.ts"},{"assertionResults":[{"ancestorTitles":["/api/workflow-status"],"fullName":"/api/workflow-status should test workflow status service logic","status":"passed","title":"should test workflow status service logic","duration":0.8230419999745209,"failureMessages":[],"meta":{}},{"ancestorTitles":["/api/workflow-status"],"fullName":"/api/workflow-status should validate workflow metrics structure","status":"passed","title":"should validate workflow metrics structure","duration":0.21995800000149757,"failureMessages":[],"meta":{}},{"ancestorTitles":["/api/workflow-status"],"fullName":"/api/workflow-status should validate activity entry structure","status":"passed","title":"should validate activity entry structure","duration":0.6065419999940787,"failureMessages":[],"meta":{}}],"startTime":1750535003993,"endTime":1750535003995.6064,"status":"passed","message":"","name":"/Users/neo/Developer/mexc-sniper-bot/tests/unit/workflow-status.test.ts"},{"assertionResults":[{"ancestorTitles":["Safety Monitoring API Integration Tests","GET Endpoints"],"fullName":"Safety Monitoring API Integration Tests GET Endpoints GET /status - should return monitoring status","status":"passed","title":"GET /status - should return monitoring status","duration":8.435375000000931,"failureMessages":[],"meta":{}},{"ancestorTitles":["Safety Monitoring API Integration Tests","GET Endpoints"],"fullName":"Safety Monitoring API Integration Tests GET Endpoints GET /report - should return comprehensive safety report","status":"passed","title":"GET /report - should return comprehensive safety report","duration":2.949749999999767,"failureMessages":[],"meta":{}},{"ancestorTitles":["Safety Monitoring API Integration Tests","GET Endpoints"],"fullName":"Safety Monitoring API Integration Tests GET Endpoints GET /risk-metrics - should return current risk metrics","status":"passed","title":"GET /risk-metrics - should return current risk metrics","duration":1.7726670000120066,"failureMessages":[],"meta":{}},{"ancestorTitles":["Safety Monitoring API Integration Tests","GET Endpoints"],"fullName":"Safety Monitoring API Integration Tests GET Endpoints GET /alerts - should return filtered alerts","status":"passed","title":"GET /alerts - should return filtered alerts","duration":2.344667000012123,"failureMessages":[],"meta":{}},{"ancestorTitles":["Safety Monitoring API Integration Tests","GET Endpoints"],"fullName":"Safety Monitoring API Integration Tests GET Endpoints GET /system-health - should return system health status","status":"passed","title":"GET /system-health - should return system health status","duration":7.489208999992115,"failureMessages":[],"meta":{}},{"ancestorTitles":["Safety Monitoring API Integration Tests","GET Endpoints"],"fullName":"Safety Monitoring API Integration Tests GET Endpoints GET /configuration - should return current configuration","status":"passed","title":"GET /configuration - should return current configuration","duration":1.4957500000018626,"failureMessages":[],"meta":{}},{"ancestorTitles":["Safety Monitoring API Integration Tests","GET Endpoints"],"fullName":"Safety Monitoring API Integration Tests GET Endpoints GET /check-safety - should return safety check result","status":"passed","title":"GET /check-safety - should return safety check result","duration":1.6131250000034925,"failureMessages":[],"meta":{}},{"ancestorTitles":["Safety Monitoring API Integration Tests","GET Endpoints"],"fullName":"Safety Monitoring API Integration Tests GET Endpoints GET with invalid action - should return error","status":"passed","title":"GET with invalid action - should return error","duration":1.3076250000012806,"failureMessages":[],"meta":{}},{"ancestorTitles":["Safety Monitoring API Integration Tests","GET Endpoints"],"fullName":"Safety Monitoring API Integration Tests GET Endpoints GET with service error - should handle gracefully","status":"passed","title":"GET with service error - should handle gracefully","duration":1.8792090000060853,"failureMessages":[],"meta":{}},{"ancestorTitles":["Safety Monitoring API Integration Tests","POST Endpoints"],"fullName":"Safety Monitoring API Integration Tests POST Endpoints POST /start_monitoring - should start monitoring successfully","status":"passed","title":"POST /start_monitoring - should start monitoring successfully","duration":1.6663750000006985,"failureMessages":[],"meta":{}},{"ancestorTitles":["Safety Monitoring API Integration Tests","POST Endpoints"],"fullName":"Safety Monitoring API Integration Tests POST Endpoints POST /start_monitoring - should fail if already active","status":"passed","title":"POST /start_monitoring - should fail if already active","duration":1.5122919999994338,"failureMessages":[],"meta":{}},{"ancestorTitles":["Safety Monitoring API Integration Tests","POST Endpoints"],"fullName":"Safety Monitoring API Integration Tests POST Endpoints POST /stop_monitoring - should stop monitoring successfully","status":"passed","title":"POST /stop_monitoring - should stop monitoring successfully","duration":1.155958000003011,"failureMessages":[],"meta":{}},{"ancestorTitles":["Safety Monitoring API Integration Tests","POST Endpoints"],"fullName":"Safety Monitoring API Integration Tests POST Endpoints POST /stop_monitoring - should fail if not active","status":"passed","title":"POST /stop_monitoring - should fail if not active","duration":0.7955420000071172,"failureMessages":[],"meta":{}},{"ancestorTitles":["Safety Monitoring API Integration Tests","POST Endpoints"],"fullName":"Safety Monitoring API Integration Tests POST Endpoints POST /update_configuration - should update configuration","status":"passed","title":"POST /update_configuration - should update configuration","duration":1.0820830000011483,"failureMessages":[],"meta":{}},{"ancestorTitles":["Safety Monitoring API Integration Tests","POST Endpoints"],"fullName":"Safety Monitoring API Integration Tests POST Endpoints POST /update_thresholds - should update safety thresholds","status":"failed","title":"POST /update_thresholds - should update safety thresholds","duration":8.988292000009096,"failureMessages":["AssertionError: expected \"spy\" to be called with arguments: [ { thresholds: { …(3) } } ]\u001b[90m\n\nReceived: \n\n\u001b[1m  1st spy call:\n\n\u001b[22m\u001b[2m  [\u001b[22m\n\u001b[2m    {\u001b[22m\n\u001b[2m      \"thresholds\": {\u001b[22m\n\u001b[31m+       \"maxApiLatencyMs\": 1000,\u001b[90m\n\u001b[2m        \"maxConsecutiveLosses\": 3,\u001b[22m\n\u001b[31m+       \"maxDailyLossPercentage\": 5,\u001b[90m\n\u001b[2m        \"maxDrawdownPercentage\": 20,\u001b[22m\n\u001b[31m+       \"maxMemoryUsagePercentage\": 80,\u001b[90m\n\u001b[31m+       \"maxPatternDetectionFailures\": 3,\u001b[90m\n\u001b[31m+       \"maxPortfolioConcentration\": 25,\u001b[90m\n\u001b[31m+       \"maxPositionRiskPercentage\": 10,\u001b[90m\n\u001b[31m+       \"maxSlippagePercentage\": 2,\u001b[90m\n\u001b[31m+       \"minApiSuccessRate\": 95,\u001b[90m\n\u001b[31m+       \"minPatternConfidence\": 75,\u001b[90m\n\u001b[2m        \"minSuccessRatePercentage\": 70,\u001b[22m\n\u001b[2m      },\u001b[22m\n\u001b[2m    },\u001b[22m\n\u001b[2m  ]\u001b[22m\n\u001b[39m\u001b[90m\n\nNumber of calls: \u001b[1m1\u001b[22m\n\u001b[39m\n    at Proxy.<anonymous> (file:///Users/neo/Developer/mexc-sniper-bot/node_modules/@vitest/expect/dist/index.js:1346:10)\n    at Proxy.<anonymous> (file:///Users/neo/Developer/mexc-sniper-bot/node_modules/@vitest/expect/dist/index.js:1022:14)\n    at Proxy.methodWrapper (file:///Users/neo/Developer/mexc-sniper-bot/node_modules/chai/chai.js:1618:25)\n    at /Users/neo/Developer/mexc-sniper-bot/src/tests/api/safety-monitoring.integration.test.ts:443:53\n    at file:///Users/neo/Developer/mexc-sniper-bot/node_modules/@vitest/runner/dist/chunk-hooks.js:752:20"],"meta":{}},{"ancestorTitles":["Safety Monitoring API Integration Tests","POST Endpoints"],"fullName":"Safety Monitoring API Integration Tests POST Endpoints POST /emergency_response - should trigger emergency response","status":"passed","title":"POST /emergency_response - should trigger emergency response","duration":1.1272500000050059,"failureMessages":[],"meta":{}},{"ancestorTitles":["Safety Monitoring API Integration Tests","POST Endpoints"],"fullName":"Safety Monitoring API Integration Tests POST Endpoints POST /acknowledge_alert - should acknowledge alert","status":"passed","title":"POST /acknowledge_alert - should acknowledge alert","duration":0.9759590000030585,"failureMessages":[],"meta":{}},{"ancestorTitles":["Safety Monitoring API Integration Tests","POST Endpoints"],"fullName":"Safety Monitoring API Integration Tests POST Endpoints POST /acknowledge_alert - should fail for non-existent alert","status":"passed","title":"POST /acknowledge_alert - should fail for non-existent alert","duration":0.6689579999947455,"failureMessages":[],"meta":{}},{"ancestorTitles":["Safety Monitoring API Integration Tests","POST Endpoints"],"fullName":"Safety Monitoring API Integration Tests POST Endpoints POST /clear_acknowledged_alerts - should clear alerts","status":"passed","title":"POST /clear_acknowledged_alerts - should clear alerts","duration":0.6333750000048894,"failureMessages":[],"meta":{}},{"ancestorTitles":["Safety Monitoring API Integration Tests","POST Endpoints"],"fullName":"Safety Monitoring API Integration Tests POST Endpoints POST /force_risk_assessment - should force risk assessment","status":"passed","title":"POST /force_risk_assessment - should force risk assessment","duration":0.6777079999883426,"failureMessages":[],"meta":{}},{"ancestorTitles":["Safety Monitoring API Integration Tests","POST Endpoints"],"fullName":"Safety Monitoring API Integration Tests POST Endpoints POST with missing action - should return error","status":"passed","title":"POST with missing action - should return error","duration":0.6671250000072177,"failureMessages":[],"meta":{}},{"ancestorTitles":["Safety Monitoring API Integration Tests","POST Endpoints"],"fullName":"Safety Monitoring API Integration Tests POST Endpoints POST with invalid action - should return error","status":"passed","title":"POST with invalid action - should return error","duration":0.6510420000122394,"failureMessages":[],"meta":{}},{"ancestorTitles":["Safety Monitoring API Integration Tests","POST Endpoints"],"fullName":"Safety Monitoring API Integration Tests POST Endpoints POST with invalid JSON - should return error","status":"passed","title":"POST with invalid JSON - should return error","duration":0.7324170000065351,"failureMessages":[],"meta":{}},{"ancestorTitles":["Safety Monitoring API Integration Tests","POST Endpoints"],"fullName":"Safety Monitoring API Integration Tests POST Endpoints POST missing required parameters - should return appropriate errors","status":"passed","title":"POST missing required parameters - should return appropriate errors","duration":1.805625000008149,"failureMessages":[],"meta":{}},{"ancestorTitles":["Safety Monitoring API Integration Tests","Error Handling and Edge Cases"],"fullName":"Safety Monitoring API Integration Tests Error Handling and Edge Cases Should handle service initialization failure","status":"passed","title":"Should handle service initialization failure","duration":0.7716670000081649,"failureMessages":[],"meta":{}},{"ancestorTitles":["Safety Monitoring API Integration Tests","Error Handling and Edge Cases"],"fullName":"Safety Monitoring API Integration Tests Error Handling and Edge Cases Should handle async operation failures gracefully","status":"passed","title":"Should handle async operation failures gracefully","duration":1.118000000002212,"failureMessages":[],"meta":{}},{"ancestorTitles":["Safety Monitoring API Integration Tests","Error Handling and Edge Cases"],"fullName":"Safety Monitoring API Integration Tests Error Handling and Edge Cases Should validate threshold field types","status":"failed","title":"Should validate threshold field types","duration":1.3442080000095302,"failureMessages":["AssertionError: expected \"spy\" to be called with arguments: [ { thresholds: { …(1) } } ]\u001b[90m\n\nReceived: \n\n\u001b[1m  1st spy call:\n\n\u001b[22m\u001b[2m  [\u001b[22m\n\u001b[2m    {\u001b[22m\n\u001b[2m      \"thresholds\": {\u001b[22m\n\u001b[31m+       \"maxApiLatencyMs\": 1000,\u001b[90m\n\u001b[31m+       \"maxConsecutiveLosses\": 5,\u001b[90m\n\u001b[31m+       \"maxDailyLossPercentage\": 5,\u001b[90m\n\u001b[31m+       \"maxDrawdownPercentage\": 15,\u001b[90m\n\u001b[31m+       \"maxMemoryUsagePercentage\": 80,\u001b[90m\n\u001b[31m+       \"maxPatternDetectionFailures\": 3,\u001b[90m\n\u001b[31m+       \"maxPortfolioConcentration\": 25,\u001b[90m\n\u001b[31m+       \"maxPositionRiskPercentage\": 10,\u001b[90m\n\u001b[31m+       \"maxSlippagePercentage\": 2,\u001b[90m\n\u001b[31m+       \"minApiSuccessRate\": 95,\u001b[90m\n\u001b[31m+       \"minPatternConfidence\": 75,\u001b[90m\n\u001b[2m        \"minSuccessRatePercentage\": 70,\u001b[22m\n\u001b[2m      },\u001b[22m\n\u001b[2m    },\u001b[22m\n\u001b[2m  ]\u001b[22m\n\u001b[39m\u001b[90m\n\nNumber of calls: \u001b[1m1\u001b[22m\n\u001b[39m\n    at Proxy.<anonymous> (file:///Users/neo/Developer/mexc-sniper-bot/node_modules/@vitest/expect/dist/index.js:1346:10)\n    at Proxy.<anonymous> (file:///Users/neo/Developer/mexc-sniper-bot/node_modules/@vitest/expect/dist/index.js:1022:14)\n    at Proxy.methodWrapper (file:///Users/neo/Developer/mexc-sniper-bot/node_modules/chai/chai.js:1618:25)\n    at /Users/neo/Developer/mexc-sniper-bot/src/tests/api/safety-monitoring.integration.test.ts:671:53\n    at file:///Users/neo/Developer/mexc-sniper-bot/node_modules/@vitest/runner/dist/chunk-hooks.js:752:20"],"meta":{}},{"ancestorTitles":["Safety Monitoring API Integration Tests","Performance and Timing Tests"],"fullName":"Safety Monitoring API Integration Tests Performance and Timing Tests API responses should be fast","status":"passed","title":"API responses should be fast","duration":0.7591249999968568,"failureMessages":[],"meta":{}},{"ancestorTitles":["Safety Monitoring API Integration Tests","Performance and Timing Tests"],"fullName":"Safety Monitoring API Integration Tests Performance and Timing Tests Should handle concurrent requests properly","status":"passed","title":"Should handle concurrent requests properly","duration":2.3622920000052545,"failureMessages":[],"meta":{}},{"ancestorTitles":["Safety Monitoring API Integration Tests","Data Validation and Sanitization"],"fullName":"Safety Monitoring API Integration Tests Data Validation and Sanitization Should sanitize and validate configuration updates","status":"passed","title":"Should sanitize and validate configuration updates","duration":0.8076670000009472,"failureMessages":[],"meta":{}},{"ancestorTitles":["Safety Monitoring API Integration Tests","Data Validation and Sanitization"],"fullName":"Safety Monitoring API Integration Tests Data Validation and Sanitization Should handle malformed query parameters gracefully","status":"passed","title":"Should handle malformed query parameters gracefully","duration":0.8634590000001481,"failureMessages":[],"meta":{}}],"startTime":1750534938477,"endTime":1750534938537.8635,"status":"failed","message":"","name":"/Users/neo/Developer/mexc-sniper-bot/src/tests/api/safety-monitoring.integration.test.ts"}]}